<?xml version="1.0" encoding="UTF-8" standalone="no"?>
<!DOCTYPE log SYSTEM "logger.dtd">
<log>
<record>
  <date>2023-03-19T14:06:07.040489200Z</date>
  <millis>1679234767040</millis>
  <nanos>489200</nanos>
  <sequence>0</sequence>
  <logger>ResivoJe</logger>
  <level>WARNING</level>
  <class>Presidente.TransactionApi.Functions</class>
  <method>createLogDb</method>
  <thread>1</thread>
  <message>DbFunctions executeQuery3: Funkcija executeQuery3 nije uspešno izvršena0004A3000309</message>
</record>
<record>
  <date>2023-03-19T14:06:15.282774600Z</date>
  <millis>1679234775282</millis>
  <nanos>774600</nanos>
  <sequence>1</sequence>
  <logger>ResivoJe</logger>
  <level>WARNING</level>
  <class>Presidente.TransactionApi.Functions</class>
  <method>createLogDb</method>
  <thread>1</thread>
  <message>DbFunctions executeQuery3: Funkcija executeQuery3 nije uspešno izvršena0127002861</message>
</record>
