<?xml version="1.0" encoding="UTF-8" standalone="no"?>
<!DOCTYPE log SYSTEM "logger.dtd">
<log>
<record>
  <date>2023-03-19T14:09:08.788044200Z</date>
  <millis>1679234948788</millis>
  <nanos>44200</nanos>
  <sequence>8</sequence>
  <logger>ResivoJe</logger>
  <level>WARNING</level>
  <class>Presidente.TransactionApi.Functions</class>
  <method>createLogDb</method>
  <thread>1</thread>
  <message>DbFunctions executeQuery3: Funkcija executeQuery3 nije uspešno izvršena0004A3000A13</message>
</record>
<record>
  <date>2023-03-19T14:09:16.213059300Z</date>
  <millis>1679234956213</millis>
  <nanos>59300</nanos>
  <sequence>9</sequence>
  <logger>ResivoJe</logger>
  <level>WARNING</level>
  <class>Presidente.TransactionApi.Functions</class>
  <method>createLogDb</method>
  <thread>1</thread>
  <message>DbFunctions executeQuery3: Funkcija executeQuery3 nije uspešno izvršena0004A3000FDF</message>
</record>
<record>
  <date>2023-03-19T14:09:23.386555600Z</date>
  <millis>1679234963386</millis>
  <nanos>555600</nanos>
  <sequence>10</sequence>
  <logger>ResivoJe</logger>
  <level>WARNING</level>
  <class>Presidente.TransactionApi.Functions</class>
  <method>createLogDb</method>
  <thread>1</thread>
  <message>DbFunctions executeQuery3: Funkcija executeQuery3 nije uspešno izvršena0004A3000A32</message>
</record>
<record>
  <date>2023-03-19T14:09:30.562615800Z</date>
  <millis>1679234970562</millis>
  <nanos>615800</nanos>
  <sequence>11</sequence>
  <logger>ResivoJe</logger>
  <level>WARNING</level>
  <class>Presidente.TransactionApi.Functions</class>
  <method>createLogDb</method>
  <thread>1</thread>
  <message>DbFunctions executeQuery3: Funkcija executeQuery3 nije uspešno izvršena0004A3000FF8</message>
</record>
<record>
  <date>2023-03-19T14:09:37.785942900Z</date>
  <millis>1679234977785</millis>
  <nanos>942900</nanos>
  <sequence>12</sequence>
  <logger>ResivoJe</logger>
  <level>WARNING</level>
  <class>Presidente.TransactionApi.Functions</class>
  <method>createLogDb</method>
  <thread>1</thread>
  <message>DbFunctions executeQuery3: Funkcija executeQuery3 nije uspešno izvršena0127002859</message>
</record>
<record>
  <date>2023-03-19T14:09:45.267460600Z</date>
  <millis>1679234985267</millis>
  <nanos>460600</nanos>
  <sequence>13</sequence>
  <logger>ResivoJe</logger>
  <level>WARNING</level>
  <class>Presidente.TransactionApi.Functions</class>
  <method>createLogDb</method>
  <thread>1</thread>
  <message>DbFunctions executeQuery3: Funkcija executeQuery3 nije uspešno izvršena0004A300028A</message>
</record>
<record>
  <date>2023-03-19T14:09:53.459472500Z</date>
  <millis>1679234993459</millis>
  <nanos>472500</nanos>
  <sequence>14</sequence>
  <logger>ResivoJe</logger>
  <level>WARNING</level>
  <class>Presidente.TransactionApi.Functions</class>
  <method>createLogDb</method>
  <thread>1</thread>
  <message>DbFunctions executeQuery3: Funkcija executeQuery3 nije uspešno izvršena0004A300028A</message>
</record>
<record>
  <date>2023-03-19T14:10:00.909470500Z</date>
  <millis>1679235000909</millis>
  <nanos>470500</nanos>
  <sequence>15</sequence>
  <logger>ResivoJe</logger>
  <level>WARNING</level>
  <class>Presidente.TransactionApi.Functions</class>
  <method>createLogDb</method>
  <thread>1</thread>
  <message>DbFunctions executeQuery3: Funkcija executeQuery3 nije uspešno izvršena0004A3001221</message>
</record>
<record>
  <date>2023-03-19T14:10:08.358455Z</date>
  <millis>1679235008358</millis>
  <nanos>455000</nanos>
  <sequence>16</sequence>
  <logger>ResivoJe</logger>
  <level>WARNING</level>
  <class>Presidente.TransactionApi.Functions</class>
  <method>createLogDb</method>
  <thread>1</thread>
  <message>DbFunctions executeQuery3: Funkcija executeQuery3 nije uspešno izvršena0127002859</message>
</record>
<record>
  <date>2023-03-19T14:10:15.975113200Z</date>
  <millis>1679235015975</millis>
  <nanos>113200</nanos>
  <sequence>17</sequence>
  <logger>ResivoJe</logger>
  <level>WARNING</level>
  <class>Presidente.TransactionApi.Functions</class>
  <method>createLogDb</method>
  <thread>1</thread>
  <message>DbFunctions executeQuery3: Funkcija executeQuery3 nije uspešno izvršena0004A3000A40</message>
</record>
<record>
  <date>2023-03-19T14:10:23.661063500Z</date>
  <millis>1679235023661</millis>
  <nanos>63500</nanos>
  <sequence>18</sequence>
  <logger>ResivoJe</logger>
  <level>WARNING</level>
  <class>Presidente.TransactionApi.Functions</class>
  <method>createLogDb</method>
  <thread>1</thread>
  <message>DbFunctions executeQuery3: Funkcija executeQuery3 nije uspešno izvršena0004A3001221</message>
</record>
<record>
  <date>2023-03-19T14:10:31.546364100Z</date>
  <millis>1679235031546</millis>
  <nanos>364100</nanos>
  <sequence>19</sequence>
  <logger>ResivoJe</logger>
  <level>WARNING</level>
  <class>Presidente.TransactionApi.Functions</class>
  <method>createLogDb</method>
  <thread>1</thread>
  <message>DbFunctions executeQuery3: Funkcija executeQuery3 nije uspešno izvršena0004A30000CA</message>
</record>
<record>
  <date>2023-03-19T14:10:39.469289200Z</date>
  <millis>1679235039469</millis>
  <nanos>289200</nanos>
  <sequence>20</sequence>
  <logger>ResivoJe</logger>
  <level>WARNING</level>
  <class>Presidente.TransactionApi.Functions</class>
  <method>createLogDb</method>
  <thread>1</thread>
  <message>DbFunctions executeQuery3: Funkcija executeQuery3 nije uspešno izvršena0004A30002F1</message>
</record>
<record>
  <date>2023-03-19T14:10:46.967474Z</date>
  <millis>1679235046967</millis>
  <nanos>474000</nanos>
  <sequence>21</sequence>
  <logger>ResivoJe</logger>
  <level>WARNING</level>
  <class>Presidente.TransactionApi.Functions</class>
  <method>createLogDb</method>
  <thread>1</thread>
  <message>DbFunctions executeQuery3: Funkcija executeQuery3 nije uspešno izvršena0004A300121C</message>
</record>
<record>
  <date>2023-03-19T14:10:54.381508800Z</date>
  <millis>1679235054381</millis>
  <nanos>508800</nanos>
  <sequence>22</sequence>
  <logger>ResivoJe</logger>
  <level>WARNING</level>
  <class>Presidente.TransactionApi.Functions</class>
  <method>createLogDb</method>
  <thread>1</thread>
  <message>DbFunctions executeQuery3: Funkcija executeQuery3 nije uspešno izvršena0004A3000FD1</message>
</record>
<record>
  <date>2023-03-19T14:11:01.884025100Z</date>
  <millis>1679235061884</millis>
  <nanos>25100</nanos>
  <sequence>23</sequence>
  <logger>ResivoJe</logger>
  <level>WARNING</level>
  <class>Presidente.TransactionApi.Functions</class>
  <method>createLogDb</method>
  <thread>1</thread>
  <message>DbFunctions executeQuery3: Funkcija executeQuery3 nije uspešno izvršena0004A300030D</message>
</record>
<record>
  <date>2023-03-19T14:11:09.839542600Z</date>
  <millis>1679235069839</millis>
  <nanos>542600</nanos>
  <sequence>24</sequence>
  <logger>ResivoJe</logger>
  <level>WARNING</level>
  <class>Presidente.TransactionApi.Functions</class>
  <method>createLogDb</method>
  <thread>1</thread>
  <message>DbFunctions executeQuery3: Funkcija executeQuery3 nije uspešno izvršena0127003270</message>
</record>
<record>
  <date>2023-03-19T14:11:17.331915Z</date>
  <millis>1679235077331</millis>
  <nanos>915000</nanos>
  <sequence>25</sequence>
  <logger>ResivoJe</logger>
  <level>WARNING</level>
  <class>Presidente.TransactionApi.Functions</class>
  <method>createLogDb</method>
  <thread>1</thread>
  <message>DbFunctions executeQuery3: Funkcija executeQuery3 nije uspešno izvršena0004A3000A13</message>
</record>
<record>
  <date>2023-03-19T14:11:24.774029Z</date>
  <millis>1679235084774</millis>
  <nanos>29000</nanos>
  <sequence>26</sequence>
  <logger>ResivoJe</logger>
  <level>WARNING</level>
  <class>Presidente.TransactionApi.Functions</class>
  <method>createLogDb</method>
  <thread>1</thread>
  <message>DbFunctions executeQuery3: Funkcija executeQuery3 nije uspešno izvršena0004A3000036</message>
</record>
<record>
  <date>2023-03-19T14:11:32.364016400Z</date>
  <millis>1679235092364</millis>
  <nanos>16400</nanos>
  <sequence>27</sequence>
  <logger>ResivoJe</logger>
  <level>WARNING</level>
  <class>Presidente.TransactionApi.Functions</class>
  <method>createLogDb</method>
  <thread>1</thread>
  <message>DbFunctions executeQuery3: Funkcija executeQuery3 nije uspešno izvršena0127003270</message>
</record>
<record>
  <date>2023-03-19T14:11:41.759075400Z</date>
  <millis>1679235101759</millis>
  <nanos>75400</nanos>
  <sequence>28</sequence>
  <logger>ResivoJe</logger>
  <level>WARNING</level>
  <class>Presidente.TransactionApi.Functions</class>
  <method>createLogDb</method>
  <thread>1</thread>
  <message>DbFunctions executeQuery3: Funkcija executeQuery3 nije uspešno izvršena0127003090</message>
</record>
<record>
  <date>2023-03-19T14:11:49.673795400Z</date>
  <millis>1679235109673</millis>
  <nanos>795400</nanos>
  <sequence>29</sequence>
  <logger>ResivoJe</logger>
  <level>WARNING</level>
  <class>Presidente.TransactionApi.Functions</class>
  <method>createLogDb</method>
  <thread>1</thread>
  <message>DbFunctions executeQuery3: Funkcija executeQuery3 nije uspešno izvršena0004A3000A13</message>
</record>
<record>
  <date>2023-03-19T14:11:56.768390600Z</date>
  <millis>1679235116768</millis>
  <nanos>390600</nanos>
  <sequence>30</sequence>
  <logger>ResivoJe</logger>
  <level>WARNING</level>
  <class>Presidente.TransactionApi.Functions</class>
  <method>createLogDb</method>
  <thread>1</thread>
  <message>DbFunctions executeQuery3: Funkcija executeQuery3 nije uspešno izvršena0004A3000036</message>
</record>
