<?xml version="1.0" encoding="UTF-8" standalone="no"?>
<!DOCTYPE log SYSTEM "logger.dtd">
<log>
<record>
  <date>2021-11-28T16:22:58.504281700Z</date>
  <millis>1638116578504</millis>
  <nanos>281700</nanos>
  <sequence>0</sequence>
  <logger>ResivoJe</logger>
  <level>WARNING</level>
  <class>Presidente.TransactionApi.Functions</class>
  <method>createLogDb</method>
  <thread>16</thread>
  <message>Funkcija executeQuery nije uspešno izvršenaUPDATE public.machines SET sticker_number = '019877' WHERE machine_id_number= '0127002859';</message>
</record>
<record>
  <date>2021-11-28T16:22:59.356200100Z</date>
  <millis>1638116579356</millis>
  <nanos>200100</nanos>
  <sequence>1</sequence>
  <logger>ResivoJe</logger>
  <level>WARNING</level>
  <class>Presidente.TransactionApi.Functions</class>
  <method>createLogDb</method>
  <thread>16</thread>
  <message>Funkcija executeQuery nije uspešno izvršenaUPDATE public.machines SET sticker_number = '019876' WHERE machine_id_number= '0127002861';</message>
</record>
