<?xml version="1.0" encoding="UTF-8" standalone="no"?>
<!DOCTYPE log SYSTEM "logger.dtd">
<log>
<record>
  <date>2023-03-17T18:32:01.773434700Z</date>
  <millis>1679077921773</millis>
  <nanos>434700</nanos>
  <sequence>7</sequence>
  <logger>ResivoJe</logger>
  <level>WARNING</level>
  <class>Presidente.TransactionApi.Functions</class>
  <method>createLogDb</method>
  <thread>15</thread>
  <message>DbFunctions executeFunction: Funkcija executeFunction nije uspešno izvršenaSELECT public.get_json_sp_by_status(0)</message>
</record>
<record>
  <date>2023-03-17T18:32:01.773434700Z</date>
  <millis>1679077921773</millis>
  <nanos>434700</nanos>
  <sequence>8</sequence>
  <logger>ResivoJe</logger>
  <level>WARNING</level>
  <class>Presidente.TransactionApi.Functions</class>
  <method>createLog</method>
  <thread>15</thread>
  <message>Functions getReportIndex U ovom JSON-u nema polja report indexA JSONObject text must begin with '{' at 1 [character 2 line 1]</message>
</record>
<record>
  <date>2023-03-17T18:32:03.703147Z</date>
  <millis>1679077923703</millis>
  <nanos>147000</nanos>
  <sequence>9</sequence>
  <logger>ResivoJe</logger>
  <level>WARNING</level>
  <class>Presidente.TransactionApi.Functions</class>
  <method>createLog</method>
  <thread>106</thread>
  <message>Functions Api kaunter nije kako trebaFATAL: the database system is shutting down</message>
</record>
<record>
  <date>2023-03-17T18:32:05.040247800Z</date>
  <millis>1679077925040</millis>
  <nanos>247800</nanos>
  <sequence>10</sequence>
  <logger>ResivoJe</logger>
  <level>WARNING</level>
  <class>Presidente.TransactionApi.Functions</class>
  <method>createLog</method>
  <thread>1</thread>
  <message>Functions getTransansactionId U ovom JSON-u nema polja transaction_idA JSONObject text must begin with '{' at 1 [character 2 line 1]</message>
</record>
<record>
  <date>2023-03-17T18:32:05.054765100Z</date>
  <millis>1679077925054</millis>
  <nanos>765100</nanos>
  <sequence>11</sequence>
  <logger>ResivoJe</logger>
  <level>WARNING</level>
  <class>Presidente.TransactionApi.Functions</class>
  <method>createLog</method>
  <thread>101</thread>
  <message>Functions getTransansactionId U ovom JSON-u nema polja transaction_idA JSONObject text must begin with '{' at 1 [character 2 line 1]</message>
</record>
<record>
  <date>2023-03-17T18:32:13.593036800Z</date>
  <millis>1679077933593</millis>
  <nanos>36800</nanos>
  <sequence>12</sequence>
  <logger>ResivoJe</logger>
  <level>WARNING</level>
  <class>Presidente.TransactionApi.Functions</class>
  <method>createLog</method>
  <thread>107</thread>
  <message>Functions Api kaunter nije kako trebaConnection to 93.87.76.139:1521 refused. Check that the hostname and port are correct and that the postmaster is accepting TCP/IP connections.</message>
</record>
<record>
  <date>2023-03-17T18:32:13.602329600Z</date>
  <millis>1679077933602</millis>
  <nanos>329600</nanos>
  <sequence>13</sequence>
  <logger>ResivoJe</logger>
  <level>WARNING</level>
  <class>Presidente.TransactionApi.Functions</class>
  <method>createLog</method>
  <thread>108</thread>
  <message>Functions Api kaunter nije kako trebaConnection to 93.87.76.139:1521 refused. Check that the hostname and port are correct and that the postmaster is accepting TCP/IP connections.</message>
</record>
