<?xml version="1.0" encoding="UTF-8" standalone="no"?>
<!DOCTYPE log SYSTEM "logger.dtd">
<log>
<record>
  <date>2023-03-19T14:15:40.139853500Z</date>
  <millis>1679235340139</millis>
  <nanos>853500</nanos>
  <sequence>61</sequence>
  <logger>ResivoJe</logger>
  <level>WARNING</level>
  <class>Presidente.TransactionApi.Functions</class>
  <method>createLogDb</method>
  <thread>1</thread>
  <message>DbFunctions executeQuery3: Funkcija executeQuery3 nije uspešno izvršena0127002859</message>
</record>
<record>
  <date>2023-03-19T14:15:47.227350700Z</date>
  <millis>1679235347227</millis>
  <nanos>350700</nanos>
  <sequence>62</sequence>
  <logger>ResivoJe</logger>
  <level>WARNING</level>
  <class>Presidente.TransactionApi.Functions</class>
  <method>createLogDb</method>
  <thread>1</thread>
  <message>DbFunctions executeQuery3: Funkcija executeQuery3 nije uspešno izvršena0004A3000291</message>
</record>
<record>
  <date>2023-03-19T14:15:54.213588800Z</date>
  <millis>1679235354213</millis>
  <nanos>588800</nanos>
  <sequence>63</sequence>
  <logger>ResivoJe</logger>
  <level>WARNING</level>
  <class>Presidente.TransactionApi.Functions</class>
  <method>createLogDb</method>
  <thread>1</thread>
  <message>DbFunctions executeQuery3: Funkcija executeQuery3 nije uspešno izvršena0004A3000A32</message>
</record>
<record>
  <date>2023-03-19T14:16:01.387034Z</date>
  <millis>1679235361387</millis>
  <nanos>34000</nanos>
  <sequence>64</sequence>
  <logger>ResivoJe</logger>
  <level>WARNING</level>
  <class>Presidente.TransactionApi.Functions</class>
  <method>createLogDb</method>
  <thread>1</thread>
  <message>DbFunctions executeQuery3: Funkcija executeQuery3 nije uspešno izvršena0127001315</message>
</record>
<record>
  <date>2023-03-19T14:16:08.835593400Z</date>
  <millis>1679235368835</millis>
  <nanos>593400</nanos>
  <sequence>65</sequence>
  <logger>ResivoJe</logger>
  <level>WARNING</level>
  <class>Presidente.TransactionApi.Functions</class>
  <method>createLogDb</method>
  <thread>1</thread>
  <message>DbFunctions executeQuery3: Funkcija executeQuery3 nije uspešno izvršena0004A30011A8</message>
</record>
<record>
  <date>2023-03-19T14:16:16.071071500Z</date>
  <millis>1679235376071</millis>
  <nanos>71500</nanos>
  <sequence>66</sequence>
  <logger>ResivoJe</logger>
  <level>WARNING</level>
  <class>Presidente.TransactionApi.Functions</class>
  <method>createLogDb</method>
  <thread>1</thread>
  <message>DbFunctions executeQuery3: Funkcija executeQuery3 nije uspešno izvršena0004A3000309</message>
</record>
<record>
  <date>2023-03-19T14:16:23.235813Z</date>
  <millis>1679235383235</millis>
  <nanos>813000</nanos>
  <sequence>67</sequence>
  <logger>ResivoJe</logger>
  <level>WARNING</level>
  <class>Presidente.TransactionApi.Functions</class>
  <method>createLogDb</method>
  <thread>1</thread>
  <message>DbFunctions executeQuery3: Funkcija executeQuery3 nije uspešno izvršena0004A300028A</message>
</record>
