<?xml version="1.0" encoding="UTF-8" standalone="no"?>
<!DOCTYPE log SYSTEM "logger.dtd">
<log>
<record>
  <date>2022-11-28T18:45:48.367314700Z</date>
  <millis>1669661148367</millis>
  <nanos>314700</nanos>
  <sequence>22</sequence>
  <logger>ResivoJe</logger>
  <level>WARNING</level>
  <class>Presidente.TransactionApi.Functions</class>
  <method>createLogDb</method>
  <thread>45</thread>
  <message>Funkcija executeProcedure nije uspešno izvršenaCALL public.set_status_10_by_transaction_id('16578ef8-2302-4791-ae38-45a7ba3b9daf')</message>
</record>
<record>
  <date>2022-11-28T18:45:48.660780100Z</date>
  <millis>1669661148660</millis>
  <nanos>780100</nanos>
  <sequence>23</sequence>
  <logger>ResivoJe</logger>
  <level>WARNING</level>
  <class>Presidente.TransactionApi.Functions</class>
  <method>createLogDb</method>
  <thread>50</thread>
  <message>Funkcija executeProcedure nije uspešno izvršenaCALL public.set_status_1_by_transaction_id('16578ef8-2302-4791-ae38-45a7ba3b9daf','359a3f3e-b676-4810-b55d-3f939d6682e2')</message>
</record>
<record>
  <date>2022-11-28T18:45:50.151389200Z</date>
  <millis>1669661150151</millis>
  <nanos>389200</nanos>
  <sequence>24</sequence>
  <logger>ResivoJe</logger>
  <level>WARNING</level>
  <class>Presidente.TransactionApi.Functions</class>
  <method>createLogDb</method>
  <thread>51</thread>
  <message>Funkcija executeQuery nije uspešno izvršenaUPDATE public.transactions SET api_json='{"transaction_id":"16578ef8-2302-4791-ae38-45a7ba3b9daf","slot_club_id":"09","transaction_amount":1000,"transaction_time":"2022-11-27T16:23:30+01:00","transaction_type":"1","sticker_no":"019954"}' WHERE transaction_id = '16578ef8-2302-4791-ae38-45a7ba3b9daf';</message>
</record>
