<?xml version="1.0" encoding="UTF-8" standalone="no"?>
<!DOCTYPE log SYSTEM "logger.dtd">
<log>
<record>
  <date>2023-02-12T21:41:39.141773500Z</date>
  <millis>1676238099141</millis>
  <nanos>773500</nanos>
  <sequence>127</sequence>
  <logger>ResivoJe</logger>
  <level>WARNING</level>
  <class>Presidente.TransactionApi.Functions</class>
  <method>createLog</method>
  <thread>29956</thread>
  <message>sendTransactionWithStatus0 SQLException | SecurityException | IOException eFunkcija sendTransactionWithStatus0 nije uspešno izvršena Transaction id: ecc2cc40-a6e4-4ff0-a25c-dfe4fc60f48e  Transaction path: slot/depositTransaction body : {"transaction_id":"ecc2cc40-a6e4-4ff0-a25c-dfe4fc60f48e","slot_club_id":"01","transaction_amount":1000,"transaction_time":"2023-02-08T03:47:12+01:00","transaction_type":"1","sticker_no":"019993"}Greska :org.postgresql.util.PSQLException: The connection attempt failed.</message>
</record>
<record>
  <date>2023-02-12T21:41:39.141773500Z</date>
  <millis>1676238099141</millis>
  <nanos>773500</nanos>
  <sequence>128</sequence>
  <logger>ResivoJe</logger>
  <level>WARNING</level>
  <class>Presidente.TransactionApi.Functions</class>
  <method>createLog</method>
  <thread>16856</thread>
  <message>sendTransactionWithStatus0 SQLException | SecurityException | IOException eFunkcija sendTransactionWithStatus0 nije uspešno izvršena Transaction id: ecc2cc40-a6e4-4ff0-a25c-dfe4fc60f48e  Transaction path: slot/depositTransaction body : {"transaction_id":"ecc2cc40-a6e4-4ff0-a25c-dfe4fc60f48e","slot_club_id":"01","transaction_amount":1000,"transaction_time":"2023-02-08T03:47:12+01:00","transaction_type":"1","sticker_no":"019993"}Greska :org.postgresql.util.PSQLException: The connection attempt failed.</message>
</record>
