<?xml version="1.0" encoding="UTF-8" standalone="no"?>
<!DOCTYPE log SYSTEM "logger.dtd">
<log>
<record>
  <date>2023-01-25T21:59:54.016287200Z</date>
  <millis>1674683994016</millis>
  <nanos>287200</nanos>
  <sequence>209</sequence>
  <logger>ResivoJe</logger>
  <level>WARNING</level>
  <class>Presidente.TransactionApi.Functions</class>
  <method>createLog</method>
  <thread>23393</thread>
  <message>sendTransactionWithStatus0 SQLException | SecurityException | IOException eFunkcija sendTransactionWithStatus0 nije uspešno izvršena Transaction id: 88af1dbe-bbaa-4887-9326-88ad4e6ff8a7  Transaction path: slot/depositTransaction body : {"transaction_id":"88af1dbe-bbaa-4887-9326-88ad4e6ff8a7","slot_club_id":"01","transaction_amount":1000,"transaction_time":"2023-01-25T15:26:56+01:00","transaction_type":"1","sticker_no":"019992"}Greska :org.postgresql.util.PSQLException: The connection attempt failed.</message>
</record>
<record>
  <date>2023-01-25T21:59:54.024753600Z</date>
  <millis>1674683994024</millis>
  <nanos>753600</nanos>
  <sequence>210</sequence>
  <logger>ResivoJe</logger>
  <level>WARNING</level>
  <class>Presidente.TransactionApi.Functions</class>
  <method>createLog</method>
  <thread>12835</thread>
  <message>sendTransactionWithStatus0 SQLException | SecurityException | IOException eFunkcija sendTransactionWithStatus0 nije uspešno izvršena Transaction id: 88af1dbe-bbaa-4887-9326-88ad4e6ff8a7  Transaction path: slot/depositTransaction body : {"transaction_id":"88af1dbe-bbaa-4887-9326-88ad4e6ff8a7","slot_club_id":"01","transaction_amount":1000,"transaction_time":"2023-01-25T15:26:56+01:00","transaction_type":"1","sticker_no":"019992"}Greska :org.postgresql.util.PSQLException: The connection attempt failed.</message>
</record>
