<?xml version="1.0" encoding="UTF-8" standalone="no"?>
<!DOCTYPE log SYSTEM "logger.dtd">
<log>
<record>
  <date>2023-03-02T20:01:37.145678300Z</date>
  <millis>1677787297145</millis>
  <nanos>678300</nanos>
  <sequence>43</sequence>
  <logger>ResivoJe</logger>
  <level>WARNING</level>
  <class>Presidente.TransactionApi.Functions</class>
  <method>createLog</method>
  <thread>468</thread>
  <message>sendTransactionWithStatus0 SQLException | SecurityException | IOException eFunkcija sendTransactionWithStatus0 nije uspešno izvršena Transaction id: 8cbd12af-9eca-4417-9216-454fa5f7c4be  Transaction path: slot/depositTransaction body : {"transaction_id":"8cbd12af-9eca-4417-9216-454fa5f7c4be","slot_club_id":"09","transaction_amount":200,"transaction_time":"2023-02-18T21:23:28+01:00","transaction_type":"1","sticker_no":"019955"}Greska :org.postgresql.util.PSQLException: The connection attempt failed.</message>
</record>
<record>
  <date>2023-03-02T20:01:57.830834200Z</date>
  <millis>1677787317830</millis>
  <nanos>834200</nanos>
  <sequence>44</sequence>
  <logger>ResivoJe</logger>
  <level>WARNING</level>
  <class>Presidente.TransactionApi.Functions</class>
  <method>createLog</method>
  <thread>238</thread>
  <message>Processing IOException e:Connect to api.uis.gov.rs:443 [api.uis.gov.rs/195.222.99.209] failed: Connection timed out: connecttransactionId: 8cbd12af-9eca-4417-9216-454fa5f7c4be</message>
</record>
<record>
  <date>2023-03-02T20:02:03.491337700Z</date>
  <millis>1677787323491</millis>
  <nanos>337700</nanos>
  <sequence>45</sequence>
  <logger>ResivoJe</logger>
  <level>WARNING</level>
  <class>Presidente.TransactionApi.Functions</class>
  <method>createLog</method>
  <thread>244</thread>
  <message>Processing IOException e:Connect to api.uis.gov.rs:443 [api.uis.gov.rs/195.222.99.209] failed: Connection timed out: connecttransactionId: 9dcd8c98-dc65-40f2-bc47-c9cd29168277</message>
</record>
