<?xml version="1.0" encoding="UTF-8" standalone="no"?>
<!DOCTYPE log SYSTEM "logger.dtd">
<log>
<record>
  <date>2023-03-02T20:02:50.563634800Z</date>
  <millis>1677787370563</millis>
  <nanos>634800</nanos>
  <sequence>47</sequence>
  <logger>ResivoJe</logger>
  <level>WARNING</level>
  <class>Presidente.TransactionApi.Functions</class>
  <method>createLog</method>
  <thread>493</thread>
  <message>Processing IOException e:Connect to api.uis.gov.rs:443 [api.uis.gov.rs/195.222.99.209] failed: Connection timed out: connecttransactionId: 7a58fd87-e669-411f-93fe-09959bc26355</message>
</record>
<record>
  <date>2023-03-02T20:02:54.230865600Z</date>
  <millis>1677787374230</millis>
  <nanos>865600</nanos>
  <sequence>48</sequence>
  <logger>ResivoJe</logger>
  <level>WARNING</level>
  <class>Presidente.TransactionApi.Functions</class>
  <method>createLog</method>
  <thread>269</thread>
  <message>Processing IOException e:Connect to api.uis.gov.rs:443 [api.uis.gov.rs/195.222.99.209] failed: Connection timed out: connecttransactionId: 23a4d208-4b9b-4c08-91c4-01fa038bd21a</message>
</record>
