<?xml version="1.0" encoding="UTF-8" standalone="no"?>
<!DOCTYPE log SYSTEM "logger.dtd">
<log>
<record>
  <date>2021-11-11T18:33:59.807339700Z</date>
  <millis>1636655639807</millis>
  <nanos>339700</nanos>
  <sequence>0</sequence>
  <logger>ResivoJe</logger>
  <level>WARNING</level>
  <class>Presidente.TransactionApi.Functions</class>
  <method>createLog</method>
  <thread>1</thread>
  <message></message>
</record>
<record>
  <date>2021-11-11T18:34:15.780825300Z</date>
  <millis>1636655655780</millis>
  <nanos>825300</nanos>
  <sequence>1</sequence>
  <logger>ResivoJe</logger>
  <level>WARNING</level>
  <class>Presidente.TransactionApi.Functions</class>
  <method>createLog</method>
  <thread>17</thread>
  <message></message>
</record>
