<?xml version="1.0" encoding="UTF-8" standalone="no"?>
<!DOCTYPE log SYSTEM "logger.dtd">
<log>
<record>
  <date>2023-01-08T19:47:58.214328400Z</date>
  <millis>1673207278214</millis>
  <nanos>328400</nanos>
  <sequence>55</sequence>
  <logger>ResivoJe</logger>
  <level>WARNING</level>
  <class>Presidente.TransactionApi.Functions</class>
  <method>createLog</method>
  <thread>24535</thread>
  <message>Connect to api.uis.gov.rs:443 [api.uis.gov.rs/195.222.99.209] failed: Connection timed out: connect</message>
</record>
<record>
  <date>2023-01-08T19:48:00.572769300Z</date>
  <millis>1673207280572</millis>
  <nanos>769300</nanos>
  <sequence>56</sequence>
  <logger>ResivoJe</logger>
  <level>WARNING</level>
  <class>Presidente.TransactionApi.Functions</class>
  <method>createLog</method>
  <thread>24539</thread>
  <message>Connect to api.uis.gov.rs:443 [api.uis.gov.rs/195.222.99.209] failed: Connection timed out: connect</message>
</record>
<record>
  <date>2023-01-08T19:48:00.743066500Z</date>
  <millis>1673207280743</millis>
  <nanos>66500</nanos>
  <sequence>57</sequence>
  <logger>ResivoJe</logger>
  <level>WARNING</level>
  <class>Presidente.TransactionApi.Functions</class>
  <method>createLog</method>
  <thread>24540</thread>
  <message>Connect to api.uis.gov.rs:443 [api.uis.gov.rs/195.222.99.209] failed: Connection timed out: connect</message>
</record>
<record>
  <date>2023-01-08T19:48:01.407123400Z</date>
  <millis>1673207281407</millis>
  <nanos>123400</nanos>
  <sequence>58</sequence>
  <logger>ResivoJe</logger>
  <level>WARNING</level>
  <class>Presidente.TransactionApi.Functions</class>
  <method>createLog</method>
  <thread>24542</thread>
  <message>Connect to api.uis.gov.rs:443 [api.uis.gov.rs/195.222.99.209] failed: Connection timed out: connect</message>
</record>
