<?xml version="1.0" encoding="UTF-8" standalone="no"?>
<!DOCTYPE log SYSTEM "logger.dtd">
<log>
<record>
  <date>2023-02-15T23:34:48.983979100Z</date>
  <millis>1676504088983</millis>
  <nanos>979100</nanos>
  <sequence>24</sequence>
  <logger>ResivoJe</logger>
  <level>WARNING</level>
  <class>Presidente.TransactionApi.Functions</class>
  <method>createLog</method>
  <thread>3584</thread>
  <message>Processing IOException e:api.uis.gov.rstransactionId: 712ae2cd-7a9f-4f5b-acb4-111f587ab9d2</message>
</record>
<record>
  <date>2023-02-15T23:34:49.815824400Z</date>
  <millis>1676504089815</millis>
  <nanos>824400</nanos>
  <sequence>25</sequence>
  <logger>ResivoJe</logger>
  <level>WARNING</level>
  <class>Presidente.TransactionApi.Functions</class>
  <method>createLog</method>
  <thread>3585</thread>
  <message>Processing IOException e:api.uis.gov.rstransactionId: 712ae2cd-7a9f-4f5b-acb4-111f587ab9d2</message>
</record>
<record>
  <date>2023-02-15T23:34:49.849832600Z</date>
  <millis>1676504089849</millis>
  <nanos>832600</nanos>
  <sequence>26</sequence>
  <logger>ResivoJe</logger>
  <level>WARNING</level>
  <class>Presidente.TransactionApi.Functions</class>
  <method>createLog</method>
  <thread>3587</thread>
  <message>Processing IOException e:api.uis.gov.rstransactionId: 712ae2cd-7a9f-4f5b-acb4-111f587ab9d2</message>
</record>
<record>
  <date>2023-02-15T23:34:49.870341700Z</date>
  <millis>1676504089870</millis>
  <nanos>341700</nanos>
  <sequence>27</sequence>
  <logger>ResivoJe</logger>
  <level>WARNING</level>
  <class>Presidente.TransactionApi.Functions</class>
  <method>createLog</method>
  <thread>3586</thread>
  <message>Processing IOException e:api.uis.gov.rstransactionId: 712ae2cd-7a9f-4f5b-acb4-111f587ab9d2</message>
</record>
<record>
  <date>2023-02-15T23:34:49.910430600Z</date>
  <millis>1676504089910</millis>
  <nanos>430600</nanos>
  <sequence>28</sequence>
  <logger>ResivoJe</logger>
  <level>WARNING</level>
  <class>Presidente.TransactionApi.Functions</class>
  <method>createLog</method>
  <thread>3588</thread>
  <message>Processing IOException e:api.uis.gov.rstransactionId: 712ae2cd-7a9f-4f5b-acb4-111f587ab9d2</message>
</record>
