<?xml version="1.0" encoding="UTF-8" standalone="no"?>
<!DOCTYPE log SYSTEM "logger.dtd">
<log>
<record>
  <date>2023-01-08T22:12:03.584269700Z</date>
  <millis>1673215923584</millis>
  <nanos>269700</nanos>
  <sequence>269</sequence>
  <logger>ResivoJe</logger>
  <level>WARNING</level>
  <class>Presidente.TransactionApi.Functions</class>
  <method>createLog</method>
  <thread>13982</thread>
  <message>Funkcija sendTransactionWithStatus0 nije uspešno izvršena Transaction id: 1d145b59-b289-4a21-961a-0b5a06886672  Transaction path: slot/depositTransaction body : {"transaction_id":"1d145b59-b289-4a21-961a-0b5a06886672","slot_club_id":"07","transaction_amount":500,"transaction_time":"2023-01-06T01:37:05+01:00","transaction_type":"1","sticker_no":"020050"}Greska :org.postgresql.util.PSQLException: The connection attempt failed.</message>
</record>
<record>
  <date>2023-01-08T22:12:03.584269700Z</date>
  <millis>1673215923584</millis>
  <nanos>269700</nanos>
  <sequence>270</sequence>
  <logger>ResivoJe</logger>
  <level>WARNING</level>
  <class>Presidente.TransactionApi.Functions</class>
  <method>createLog</method>
  <thread>7469</thread>
  <message>Funkcija sendTransactionWithStatus0 nije uspešno izvršena Transaction id: 1d145b59-b289-4a21-961a-0b5a06886672  Transaction path: slot/depositTransaction body : {"transaction_id":"1d145b59-b289-4a21-961a-0b5a06886672","slot_club_id":"07","transaction_amount":500,"transaction_time":"2023-01-06T01:37:05+01:00","transaction_type":"1","sticker_no":"020050"}Greska :org.postgresql.util.PSQLException: The connection attempt failed.</message>
</record>
