<?xml version="1.0" encoding="UTF-8" standalone="no"?>
<!DOCTYPE log SYSTEM "logger.dtd">
<log>
<record>
  <date>2023-02-12T20:13:03.140969700Z</date>
  <millis>1676232783140</millis>
  <nanos>969700</nanos>
  <sequence>49</sequence>
  <logger>ResivoJe</logger>
  <level>WARNING</level>
  <class>Presidente.TransactionApi.Functions</class>
  <method>createLog</method>
  <thread>31064</thread>
  <message>Processing IOException e:Connect to api.uis.gov.rs:443 [api.uis.gov.rs/195.222.99.209] failed: Connection timed out: connecttransactionId: 1e90976b-e5a6-408a-a384-6a130fcbf74c</message>
</record>
<record>
  <date>2023-02-12T20:13:03.172051900Z</date>
  <millis>1676232783172</millis>
  <nanos>51900</nanos>
  <sequence>50</sequence>
  <logger>ResivoJe</logger>
  <level>WARNING</level>
  <class>Presidente.TransactionApi.Functions</class>
  <method>createLog</method>
  <thread>31065</thread>
  <message>Processing IOException e:Connect to api.uis.gov.rs:443 [api.uis.gov.rs/195.222.99.209] failed: Connection timed out: connecttransactionId: 1e90976b-e5a6-408a-a384-6a130fcbf74c</message>
</record>
