<?xml version="1.0" encoding="UTF-8" standalone="no"?>
<!DOCTYPE log SYSTEM "logger.dtd">
<log>
<record>
  <date>2023-01-10T14:48:20.982376500Z</date>
  <millis>1673362100982</millis>
  <nanos>376500</nanos>
  <sequence>131</sequence>
  <logger>ResivoJe</logger>
  <level>WARNING</level>
  <class>Presidente.TransactionApi.Functions</class>
  <method>createLog</method>
  <thread>56419</thread>
  <message>Funkcija sendTransactionWithStatus0 nije uspešno izvršena Transaction id: 81f112a6-2d11-4b4e-a2a9-1c27dbcc044e  Transaction path: slot/depositTransaction body : {"transaction_id":"81f112a6-2d11-4b4e-a2a9-1c27dbcc044e","slot_club_id":"11","transaction_amount":3000,"transaction_time":"2023-01-09T21:31:13+01:00","transaction_type":"1","sticker_no":"030738"}Greska :org.postgresql.util.PSQLException: The connection attempt failed.</message>
</record>
<record>
  <date>2023-01-10T14:48:23.363327200Z</date>
  <millis>1673362103363</millis>
  <nanos>327200</nanos>
  <sequence>132</sequence>
  <logger>ResivoJe</logger>
  <level>WARNING</level>
  <class>Presidente.TransactionApi.Functions</class>
  <method>createLog</method>
  <thread>77628</thread>
  <message>Funkcija sendTransactionWithStatus0 nije uspešno izvršena Transaction id: 81f112a6-2d11-4b4e-a2a9-1c27dbcc044e  Transaction path: slot/depositTransaction body : {"transaction_id":"81f112a6-2d11-4b4e-a2a9-1c27dbcc044e","slot_club_id":"11","transaction_amount":3000,"transaction_time":"2023-01-09T21:31:13+01:00","transaction_type":"1","sticker_no":"030738"}Greska :org.postgresql.util.PSQLException: The connection attempt failed.</message>
</record>
<record>
  <date>2023-01-10T14:48:43.459251600Z</date>
  <millis>1673362123459</millis>
  <nanos>251600</nanos>
  <sequence>133</sequence>
  <logger>ResivoJe</logger>
  <level>WARNING</level>
  <class>Presidente.TransactionApi.Functions</class>
  <method>createLog</method>
  <thread>50156</thread>
  <message>Funkcija sendTransactionWithStatus0 nije uspešno izvršena Transaction id: d588814b-4610-42cf-92d8-8b85e11c74b5  Transaction path: slot/depositTransaction body : {"transaction_id":"d588814b-4610-42cf-92d8-8b85e11c74b5","slot_club_id":"03","transaction_amount":500,"transaction_time":"2023-01-09T21:31:41+01:00","transaction_type":"1","sticker_no":"019893"}Greska :org.postgresql.util.PSQLException: The connection attempt failed.</message>
</record>
<record>
  <date>2023-01-10T14:48:47.756232Z</date>
  <millis>1673362127756</millis>
  <nanos>232000</nanos>
  <sequence>134</sequence>
  <logger>ResivoJe</logger>
  <level>WARNING</level>
  <class>Presidente.TransactionApi.Functions</class>
  <method>createLog</method>
  <thread>73840</thread>
  <message>Funkcija sendTransactionWithStatus0 nije uspešno izvršena Transaction id: da87a493-15e3-49ce-91a7-0d39f2ab21b0  Transaction path: slot/depositTransaction body : {"transaction_id":"da87a493-15e3-49ce-91a7-0d39f2ab21b0","slot_club_id":"10","transaction_amount":11500,"transaction_time":"2023-01-09T21:31:44+01:00","transaction_type":"1","sticker_no":"019844"}Greska :org.postgresql.util.PSQLException: The connection attempt failed.</message>
</record>
<record>
  <date>2023-01-10T14:49:28.479976700Z</date>
  <millis>1673362168479</millis>
  <nanos>976700</nanos>
  <sequence>135</sequence>
  <logger>ResivoJe</logger>
  <level>WARNING</level>
  <class>Presidente.TransactionApi.Functions</class>
  <method>createLog</method>
  <thread>38875</thread>
  <message>Funkcija sendTransactionWithStatus0 nije uspešno izvršena Transaction id: 5f7012e3-52e0-4b26-99d0-3d4fd8a11936  Transaction path: slot/depositTransaction body : {"transaction_id":"5f7012e3-52e0-4b26-99d0-3d4fd8a11936","slot_club_id":"01","transaction_amount":2000,"transaction_time":"2023-01-09T21:32:41+01:00","transaction_type":"1","sticker_no":"019985"}Greska :org.postgresql.util.PSQLException: The connection attempt failed.</message>
</record>
<record>
  <date>2023-01-10T14:49:28.542753800Z</date>
  <millis>1673362168542</millis>
  <nanos>753800</nanos>
  <sequence>136</sequence>
  <logger>ResivoJe</logger>
  <level>WARNING</level>
  <class>Presidente.TransactionApi.Functions</class>
  <method>createLog</method>
  <thread>58596</thread>
  <message>Funkcija sendTransactionWithStatus0 nije uspešno izvršena Transaction id: 5f7012e3-52e0-4b26-99d0-3d4fd8a11936  Transaction path: slot/depositTransaction body : {"transaction_id":"5f7012e3-52e0-4b26-99d0-3d4fd8a11936","slot_club_id":"01","transaction_amount":2000,"transaction_time":"2023-01-09T21:32:41+01:00","transaction_type":"1","sticker_no":"019985"}Greska :org.postgresql.util.PSQLException: The connection attempt failed.</message>
</record>
<record>
  <date>2023-01-10T14:49:37.087805900Z</date>
  <millis>1673362177087</millis>
  <nanos>805900</nanos>
  <sequence>137</sequence>
  <logger>ResivoJe</logger>
  <level>WARNING</level>
  <class>Presidente.TransactionApi.Functions</class>
  <method>createLog</method>
  <thread>75419</thread>
  <message>Funkcija sendTransactionWithStatus0 nije uspešno izvršena Transaction id: 8769b856-a124-471f-a89b-05a153a148e7  Transaction path: slot/depositTransaction body : {"transaction_id":"8769b856-a124-471f-a89b-05a153a148e7","slot_club_id":"0127000015","transaction_amount":200,"transaction_time":"2023-01-10T15:49:32+01:00","transaction_type":"1","sticker_no":"021332"}Greska :org.postgresql.util.PSQLException: The connection attempt failed.</message>
</record>
<record>
  <date>2023-01-10T14:49:39.288344100Z</date>
  <millis>1673362179288</millis>
  <nanos>344100</nanos>
  <sequence>138</sequence>
  <logger>ResivoJe</logger>
  <level>WARNING</level>
  <class>Presidente.TransactionApi.Functions</class>
  <method>createLog</method>
  <thread>72205</thread>
  <message>Funkcija sendTransactionWithStatus0 nije uspešno izvršena Transaction id: 9a335c14-fa14-44ac-86c2-6282df77ee85  Transaction path: slot/withdrawTransaction body : {"transaction_id":"9a335c14-fa14-44ac-86c2-6282df77ee85","slot_club_id":"10","transaction_amount":23000,"transaction_time":"2023-01-09T21:33:02+01:00","transaction_type":"2","sticker_no":"019844"}Greska :org.postgresql.util.PSQLException: The connection attempt failed.</message>
</record>
<record>
  <date>2023-01-10T14:49:48.356731700Z</date>
  <millis>1673362188356</millis>
  <nanos>731700</nanos>
  <sequence>139</sequence>
  <logger>ResivoJe</logger>
  <level>WARNING</level>
  <class>Presidente.TransactionApi.Functions</class>
  <method>createLog</method>
  <thread>79273</thread>
  <message>Funkcija sendTransactionWithStatus0 nije uspešno izvršena Transaction id: 1e7eac57-0445-4bc6-991f-e52a80e8cc55  Transaction path: slot/depositTransaction body : {"transaction_id":"1e7eac57-0445-4bc6-991f-e52a80e8cc55","slot_club_id":"0127000004","transaction_amount":2000,"transaction_time":"2023-01-10T15:49:43+01:00","transaction_type":"1","sticker_no":"021339"}Greska :org.postgresql.util.PSQLException: The connection attempt failed.</message>
</record>
<record>
  <date>2023-01-10T14:49:48.794462Z</date>
  <millis>1673362188794</millis>
  <nanos>462000</nanos>
  <sequence>140</sequence>
  <logger>ResivoJe</logger>
  <level>WARNING</level>
  <class>Presidente.TransactionApi.Functions</class>
  <method>createLog</method>
  <thread>77071</thread>
  <message>Funkcija sendTransactionWithStatus0 nije uspešno izvršena Transaction id: f80b28a7-e8b9-426d-b5fa-3d894435e5d7  Transaction path: slot/depositTransaction body : {"transaction_id":"f80b28a7-e8b9-426d-b5fa-3d894435e5d7","slot_club_id":"01","transaction_amount":2000,"transaction_time":"2023-01-09T21:33:28+01:00","transaction_type":"1","sticker_no":"019985"}Greska :org.postgresql.util.PSQLException: The connection attempt failed.</message>
</record>
<record>
  <date>2023-01-10T14:50:01.393912500Z</date>
  <millis>1673362201393</millis>
  <nanos>912500</nanos>
  <sequence>141</sequence>
  <logger>ResivoJe</logger>
  <level>WARNING</level>
  <class>Presidente.TransactionApi.Functions</class>
  <method>createLog</method>
  <thread>73302</thread>
  <message>Funkcija sendTransactionWithStatus0 nije uspešno izvršena Transaction id: a29d138f-f2cd-497a-8a16-77ba0f238f9c  Transaction path: slot/depositTransaction body : {"transaction_id":"a29d138f-f2cd-497a-8a16-77ba0f238f9c","slot_club_id":"0127000015","transaction_amount":500,"transaction_time":"2023-01-10T15:49:57+01:00","transaction_type":"1","sticker_no":"020015"}Greska :org.postgresql.util.PSQLException: The connection attempt failed.</message>
</record>
