<?xml version="1.0" encoding="UTF-8" standalone="no"?>
<!DOCTYPE log SYSTEM "logger.dtd">
<log>
<record>
  <date>2023-03-02T19:04:18.939218900Z</date>
  <millis>1677783858939</millis>
  <nanos>218900</nanos>
  <sequence>21</sequence>
  <logger>ResivoJe</logger>
  <level>WARNING</level>
  <class>Presidente.TransactionApi.Functions</class>
  <method>createLog</method>
  <thread>288</thread>
  <message>Processing IOException e:Connect to api.uis.gov.rs:443 [api.uis.gov.rs/195.222.99.209] failed: Connection timed out: connecttransactionId: 801db07e-df25-4c67-87aa-99fa9b615399</message>
</record>
<record>
  <date>2023-03-02T19:05:06.272369800Z</date>
  <millis>1677783906272</millis>
  <nanos>369800</nanos>
  <sequence>22</sequence>
  <logger>ResivoJe</logger>
  <level>WARNING</level>
  <class>Presidente.TransactionApi.Functions</class>
  <method>createLog</method>
  <thread>315</thread>
  <message>Processing IOException e:Connect to api.uis.gov.rs:443 [api.uis.gov.rs/195.222.99.209] failed: Connection timed out: connecttransactionId: d255a3cb-118d-489d-b932-f178fe195cd7</message>
</record>
