<?xml version="1.0" encoding="UTF-8" standalone="no"?>
<!DOCTYPE log SYSTEM "logger.dtd">
<log>
<record>
  <date>2023-02-11T19:30:16.569813100Z</date>
  <millis>1676143816569</millis>
  <nanos>813100</nanos>
  <sequence>42</sequence>
  <logger>ResivoJe</logger>
  <level>WARNING</level>
  <class>Presidente.TransactionApi.Functions</class>
  <method>createLog</method>
  <thread>2721</thread>
  <message>Processing IOException e:Connect to api.uis.gov.rs:443 [api.uis.gov.rs/195.222.99.209] failed: Connection timed out: connecttransactionId: 8d2e1251-7f6d-4cfe-885e-c77c9afbf808</message>
</record>
<record>
  <date>2023-02-11T19:30:17.146001800Z</date>
  <millis>1676143817146</millis>
  <nanos>1800</nanos>
  <sequence>43</sequence>
  <logger>ResivoJe</logger>
  <level>WARNING</level>
  <class>Presidente.TransactionApi.Functions</class>
  <method>createLog</method>
  <thread>2722</thread>
  <message>Processing IOException e:Connect to api.uis.gov.rs:443 [api.uis.gov.rs/195.222.99.209] failed: Connection timed out: connecttransactionId: 8d2e1251-7f6d-4cfe-885e-c77c9afbf808</message>
</record>
