<?xml version="1.0" encoding="UTF-8" standalone="no"?>
<!DOCTYPE log SYSTEM "logger.dtd">
<log>
<record>
  <date>2023-02-16T15:00:01.069548100Z</date>
  <millis>1676559601069</millis>
  <nanos>548100</nanos>
  <sequence>2</sequence>
  <logger>ResivoJe</logger>
  <level>WARNING</level>
  <class>Presidente.TransactionApi.Functions</class>
  <method>createLog</method>
  <thread>1</thread>
  <message>sendTransactionWithStatus0 SQLException | SecurityException | IOException eFunkcija sendTransactionWithStatus0 nije uspešno izvršena Transaction id: 798d85f5-93b2-4173-83f9-e8d689f00a87  Transaction path: slot/depositTransaction body : {"transaction_id":"798d85f5-93b2-4173-83f9-e8d689f00a87","slot_club_id":"01","transaction_amount":500,"transaction_time":"2023-02-10T13:22:32+01:00","transaction_type":"1","sticker_no":"019974"}Greska :org.postgresql.util.PSQLException: The connection attempt failed.</message>
</record>
<record>
  <date>2023-02-16T15:00:01.468379Z</date>
  <millis>1676559601468</millis>
  <nanos>379000</nanos>
  <sequence>3</sequence>
  <logger>ResivoJe</logger>
  <level>WARNING</level>
  <class>Presidente.TransactionApi.Functions</class>
  <method>createLog</method>
  <thread>412</thread>
  <message>sendTransactionWithStatus0 SQLException | SecurityException | IOException eFunkcija sendTransactionWithStatus0 nije uspešno izvršena Transaction id: 798d85f5-93b2-4173-83f9-e8d689f00a87  Transaction path: slot/depositTransaction body : {"transaction_id":"798d85f5-93b2-4173-83f9-e8d689f00a87","slot_club_id":"01","transaction_amount":500,"transaction_time":"2023-02-10T13:22:32+01:00","transaction_type":"1","sticker_no":"019974"}Greska :org.postgresql.util.PSQLException: The connection attempt failed.</message>
</record>
