<?xml version="1.0" encoding="UTF-8" standalone="no"?>
<!DOCTYPE log SYSTEM "logger.dtd">
<log>
<record>
  <date>2023-03-05T13:18:38.881966500Z</date>
  <millis>1678022318881</millis>
  <nanos>966500</nanos>
  <sequence>212</sequence>
  <logger>ResivoJe</logger>
  <level>WARNING</level>
  <class>Presidente.TransactionApi.Functions</class>
  <method>createLog</method>
  <thread>1077</thread>
  <message>Processing NumberFormatException e:nulltransactionId: 285960da-382b-437d-837d-1c6c8e35fc6f</message>
</record>
<record>
  <date>2023-03-05T13:18:46.118609900Z</date>
  <millis>1678022326118</millis>
  <nanos>609900</nanos>
  <sequence>213</sequence>
  <logger>ResivoJe</logger>
  <level>WARNING</level>
  <class>Presidente.TransactionApi.Functions</class>
  <method>createLog</method>
  <thread>1078</thread>
  <message>Processing NumberFormatException e:nulltransactionId: 285960da-382b-437d-837d-1c6c8e35fc6f</message>
</record>
