<?xml version="1.0" encoding="UTF-8" standalone="no"?>
<!DOCTYPE log SYSTEM "logger.dtd">
<log>
<record>
  <date>2023-01-09T02:12:39.506961400Z</date>
  <millis>1673230359506</millis>
  <nanos>961400</nanos>
  <sequence>337</sequence>
  <logger>ResivoJe</logger>
  <level>WARNING</level>
  <class>Presidente.TransactionApi.Functions</class>
  <method>createLog</method>
  <thread>54472</thread>
  <message>Funkcija sendTransactionWithStatus0 nije uspešno izvršena Transaction id: cd6dd4e6-c2b5-4d14-be6f-ce997d85572a  Transaction path: slot/depositTransaction body : {"transaction_id":"cd6dd4e6-c2b5-4d14-be6f-ce997d85572a","slot_club_id":"13","transaction_amount":500,"transaction_time":"2023-01-06T11:05:49+01:00","transaction_type":"1","sticker_no":"019863"}Greska :org.postgresql.util.PSQLException: The connection attempt failed.</message>
</record>
<record>
  <date>2023-01-09T02:12:39.506961400Z</date>
  <millis>1673230359506</millis>
  <nanos>961400</nanos>
  <sequence>338</sequence>
  <logger>ResivoJe</logger>
  <level>WARNING</level>
  <class>Presidente.TransactionApi.Functions</class>
  <method>createLog</method>
  <thread>54070</thread>
  <message>Funkcija sendTransactionWithStatus0 nije uspešno izvršena Transaction id: cd6dd4e6-c2b5-4d14-be6f-ce997d85572a  Transaction path: slot/depositTransaction body : {"transaction_id":"cd6dd4e6-c2b5-4d14-be6f-ce997d85572a","slot_club_id":"13","transaction_amount":500,"transaction_time":"2023-01-06T11:05:49+01:00","transaction_type":"1","sticker_no":"019863"}Greska :org.postgresql.util.PSQLException: The connection attempt failed.</message>
</record>
