<?xml version="1.0" encoding="UTF-8" standalone="no"?>
<!DOCTYPE log SYSTEM "logger.dtd">
<log>
<record>
  <date>2023-01-09T01:12:59.483502200Z</date>
  <millis>1673226779483</millis>
  <nanos>502200</nanos>
  <sequence>328</sequence>
  <logger>ResivoJe</logger>
  <level>WARNING</level>
  <class>Presidente.TransactionApi.Functions</class>
  <method>createLog</method>
  <thread>51318</thread>
  <message>Funkcija sendTransactionWithStatus0 nije uspešno izvršena Transaction id: 0bf4595d-96fb-44df-9feb-58494fb67f04  Transaction path: slot/depositTransaction body : {"transaction_id":"0bf4595d-96fb-44df-9feb-58494fb67f04","slot_club_id":"10","transaction_amount":2500,"transaction_time":"2023-01-06T09:57:21+01:00","transaction_type":"1","sticker_no":"019844"}Greska :org.postgresql.util.PSQLException: The connection attempt failed.</message>
</record>
<record>
  <date>2023-01-09T01:12:59.483502200Z</date>
  <millis>1673226779483</millis>
  <nanos>502200</nanos>
  <sequence>329</sequence>
  <logger>ResivoJe</logger>
  <level>WARNING</level>
  <class>Presidente.TransactionApi.Functions</class>
  <method>createLog</method>
  <thread>52269</thread>
  <message>Funkcija sendTransactionWithStatus0 nije uspešno izvršena Transaction id: 0bf4595d-96fb-44df-9feb-58494fb67f04  Transaction path: slot/depositTransaction body : {"transaction_id":"0bf4595d-96fb-44df-9feb-58494fb67f04","slot_club_id":"10","transaction_amount":2500,"transaction_time":"2023-01-06T09:57:21+01:00","transaction_type":"1","sticker_no":"019844"}Greska :org.postgresql.util.PSQLException: The connection attempt failed.</message>
</record>
