<?xml version="1.0" encoding="UTF-8" standalone="no"?>
<!DOCTYPE log SYSTEM "logger.dtd">
<log>
<record>
  <date>2022-02-05T13:05:12.404943600Z</date>
  <millis>1644066312404</millis>
  <nanos>943600</nanos>
  <sequence>3</sequence>
  <logger>ResivoJe</logger>
  <level>WARNING</level>
  <class>Presidente.TransactionApi.Functions</class>
  <method>createLog</method>
  <thread>1</thread>
  <message>Uplata nije za slanje. ID: 1a572340-4fe6-4020-a996-7818ecc7cf40</message>
</record>
<record>
  <date>2022-02-05T13:05:17.036450700Z</date>
  <millis>1644066317036</millis>
  <nanos>450700</nanos>
  <sequence>4</sequence>
  <logger>ResivoJe</logger>
  <level>WARNING</level>
  <class>Presidente.TransactionApi.Functions</class>
  <method>createLog</method>
  <thread>1</thread>
  <message>Uplata nije za slanje. ID: 1a572340-4fe6-4020-a996-7818ecc7cf40</message>
</record>
