<?xml version="1.0" encoding="UTF-8" standalone="no"?>
<!DOCTYPE log SYSTEM "logger.dtd">
<log>
<record>
  <date>2023-01-19T12:20:59.688632900Z</date>
  <millis>1674130859688</millis>
  <nanos>632900</nanos>
  <sequence>11</sequence>
  <logger>ResivoJe</logger>
  <level>WARNING</level>
  <class>Presidente.TransactionApi.Functions</class>
  <method>createLog</method>
  <thread>8079</thread>
  <message>Funkcija sendTransactionWithStatus0 nije uspešno izvršena Transaction id: c3df76d4-74cb-4fbf-9d87-668b86204618  Transaction path: slot/withdrawTransaction body : {"transaction_id":"c3df76d4-74cb-4fbf-9d87-668b86204618","slot_club_id":"10","transaction_amount":5004,"transaction_time":"2023-01-18T20:48:56+01:00","transaction_type":"2","sticker_no":"019843"}Greska :org.postgresql.util.PSQLException: The connection attempt failed.</message>
</record>
<record>
  <date>2023-01-19T12:21:01.429640400Z</date>
  <millis>1674130861429</millis>
  <nanos>640400</nanos>
  <sequence>12</sequence>
  <logger>ResivoJe</logger>
  <level>WARNING</level>
  <class>Presidente.TransactionApi.Functions</class>
  <method>createLog</method>
  <thread>3138</thread>
  <message>Funkcija sendTransactionWithStatus0 nije uspešno izvršena Transaction id: c3df76d4-74cb-4fbf-9d87-668b86204618  Transaction path: slot/withdrawTransaction body : {"transaction_id":"c3df76d4-74cb-4fbf-9d87-668b86204618","slot_club_id":"10","transaction_amount":5004,"transaction_time":"2023-01-18T20:48:56+01:00","transaction_type":"2","sticker_no":"019843"}Greska :org.postgresql.util.PSQLException: The connection attempt failed.</message>
</record>
