<?xml version="1.0" encoding="UTF-8" standalone="no"?>
<!DOCTYPE log SYSTEM "logger.dtd">
<log>
<record>
  <date>2023-03-02T21:30:58.558233900Z</date>
  <millis>1677792658558</millis>
  <nanos>233900</nanos>
  <sequence>87</sequence>
  <logger>ResivoJe</logger>
  <level>WARNING</level>
  <class>Presidente.TransactionApi.Functions</class>
  <method>createLog</method>
  <thread>692</thread>
  <message>Processing IOException e:Connect to api.uis.gov.rs:443 [api.uis.gov.rs/195.222.99.209] failed: Connection timed out: connecttransactionId: 05b756ec-8c6c-4593-b1a4-7df49ecc2b14</message>
</record>
<record>
  <date>2023-03-02T21:31:17.191327600Z</date>
  <millis>1677792677191</millis>
  <nanos>327600</nanos>
  <sequence>88</sequence>
  <logger>ResivoJe</logger>
  <level>WARNING</level>
  <class>Presidente.TransactionApi.Functions</class>
  <method>createLog</method>
  <thread>709</thread>
  <message>Processing IOException e:Connect to api.uis.gov.rs:443 [api.uis.gov.rs/195.222.99.209] failed: Connection timed out: connecttransactionId: 9c89f610-ec78-4527-8a41-3f523b5f8b0b</message>
</record>
