<?xml version="1.0" encoding="UTF-8" standalone="no"?>
<!DOCTYPE log SYSTEM "logger.dtd">
<log>
<record>
  <date>2023-01-10T12:52:13.405071Z</date>
  <millis>1673355133405</millis>
  <nanos>71000</nanos>
  <sequence>86</sequence>
  <logger>ResivoJe</logger>
  <level>WARNING</level>
  <class>Presidente.TransactionApi.Functions</class>
  <method>createLog</method>
  <thread>64593</thread>
  <message>Funkcija sendTransactionWithStatus0 nije uspešno izvršena Transaction id: 53710b0d-4e28-4750-a5f4-56a338d845b9  Transaction path: slot/depositTransaction body : {"transaction_id":"53710b0d-4e28-4750-a5f4-56a338d845b9","slot_club_id":"08","transaction_amount":1000,"transaction_time":"2023-01-09T20:20:45.322743+01:00","transaction_type":"6","sticker_no":"019875"}Greska :org.postgresql.util.PSQLException: The connection attempt failed.</message>
</record>
<record>
  <date>2023-01-10T12:52:15.803246400Z</date>
  <millis>1673355135803</millis>
  <nanos>246400</nanos>
  <sequence>87</sequence>
  <logger>ResivoJe</logger>
  <level>WARNING</level>
  <class>Presidente.TransactionApi.Functions</class>
  <method>createLog</method>
  <thread>66975</thread>
  <message>Connect to api.uis.gov.rs:443 [api.uis.gov.rs/195.222.99.209] failed: Connection timed out: connect</message>
</record>
