<?xml version="1.0" encoding="UTF-8" standalone="no"?>
<!DOCTYPE log SYSTEM "logger.dtd">
<log>
<record>
  <date>2023-01-09T01:23:42.140478100Z</date>
  <millis>1673227422140</millis>
  <nanos>478100</nanos>
  <sequence>330</sequence>
  <logger>ResivoJe</logger>
  <level>WARNING</level>
  <class>Presidente.TransactionApi.Functions</class>
  <method>createLog</method>
  <thread>48572</thread>
  <message>Funkcija sendTransactionWithStatus0 nije uspešno izvršena Transaction id: da0c2c64-98bb-4f9e-950e-0d93ba685104  Transaction path: slot/depositTransaction body : {"transaction_id":"da0c2c64-98bb-4f9e-950e-0d93ba685104","slot_club_id":"08","transaction_amount":200,"transaction_time":"2023-01-06T10:12:22.503388+01:00","transaction_type":"1","sticker_no":"019936"}Greska :org.postgresql.util.PSQLException: The connection attempt failed.</message>
</record>
<record>
  <date>2023-01-09T01:23:42.140478100Z</date>
  <millis>1673227422140</millis>
  <nanos>478100</nanos>
  <sequence>331</sequence>
  <logger>ResivoJe</logger>
  <level>WARNING</level>
  <class>Presidente.TransactionApi.Functions</class>
  <method>createLog</method>
  <thread>50408</thread>
  <message>Funkcija sendTransactionWithStatus0 nije uspešno izvršena Transaction id: da0c2c64-98bb-4f9e-950e-0d93ba685104  Transaction path: slot/depositTransaction body : {"transaction_id":"da0c2c64-98bb-4f9e-950e-0d93ba685104","slot_club_id":"08","transaction_amount":200,"transaction_time":"2023-01-06T10:12:22.503388+01:00","transaction_type":"1","sticker_no":"019936"}Greska :org.postgresql.util.PSQLException: The connection attempt failed.</message>
</record>
