<?xml version="1.0" encoding="UTF-8" standalone="no"?>
<!DOCTYPE log SYSTEM "logger.dtd">
<log>
<record>
  <date>2023-01-10T14:31:11.481987400Z</date>
  <millis>1673361071481</millis>
  <nanos>987400</nanos>
  <sequence>112</sequence>
  <logger>ResivoJe</logger>
  <level>WARNING</level>
  <class>Presidente.TransactionApi.Functions</class>
  <method>createLog</method>
  <thread>57530</thread>
  <message>Funkcija sendTransactionWithStatus0 nije uspešno izvršena Transaction id: 8b77c259-f10e-4702-992b-aae55c2c6565  Transaction path: slot/depositTransaction body : {"transaction_id":"8b77c259-f10e-4702-992b-aae55c2c6565","slot_club_id":"13","transaction_amount":200,"transaction_time":"2023-01-09T21:19:06+01:00","transaction_type":"1","sticker_no":"019854"}Greska :org.postgresql.util.PSQLException: The connection attempt failed.</message>
</record>
<record>
  <date>2023-01-10T14:32:02.326680300Z</date>
  <millis>1673361122326</millis>
  <nanos>680300</nanos>
  <sequence>113</sequence>
  <logger>ResivoJe</logger>
  <level>WARNING</level>
  <class>Presidente.TransactionApi.Functions</class>
  <method>createLog</method>
  <thread>74367</thread>
  <message>Funkcija sendTransactionWithStatus0 nije uspešno izvršena Transaction id: 5783b09d-be4f-4d80-ae43-ab7e89d6de71  Transaction path: slot/depositTransaction body : {"transaction_id":"5783b09d-be4f-4d80-ae43-ab7e89d6de71","slot_club_id":"01","transaction_amount":1000,"transaction_time":"2023-01-09T21:19:38+01:00","transaction_type":"1","sticker_no":"019985"}Greska :org.postgresql.util.PSQLException: The connection attempt failed.</message>
</record>
<record>
  <date>2023-01-10T14:32:24.367875400Z</date>
  <millis>1673361144367</millis>
  <nanos>875400</nanos>
  <sequence>114</sequence>
  <logger>ResivoJe</logger>
  <level>WARNING</level>
  <class>Presidente.TransactionApi.Functions</class>
  <method>createLog</method>
  <thread>77814</thread>
  <message>Connect to api.uis.gov.rs:443 [api.uis.gov.rs/195.222.99.209] failed: Connection timed out: connect</message>
</record>
