<?xml version="1.0" encoding="UTF-8" standalone="no"?>
<!DOCTYPE log SYSTEM "logger.dtd">
<log>
<record>
  <date>2023-02-12T21:42:56.112538200Z</date>
  <millis>1676238176112</millis>
  <nanos>538200</nanos>
  <sequence>129</sequence>
  <logger>ResivoJe</logger>
  <level>WARNING</level>
  <class>Presidente.TransactionApi.Functions</class>
  <method>createLog</method>
  <thread>482</thread>
  <message>sendTransactionWithStatus0 SQLException | SecurityException | IOException eFunkcija sendTransactionWithStatus0 nije uspešno izvršena Transaction id: 88b1e73f-2545-4594-885c-e9e06b4df9c0  Transaction path: slot/depositTransaction body : {"transaction_id":"88b1e73f-2545-4594-885c-e9e06b4df9c0","slot_club_id":"01","transaction_amount":500,"transaction_time":"2023-02-08T03:54:29+01:00","transaction_type":"1","sticker_no":"019994"}Greska :org.postgresql.util.PSQLException: The connection attempt failed.</message>
</record>
<record>
  <date>2023-02-12T21:42:56.112538200Z</date>
  <millis>1676238176112</millis>
  <nanos>538200</nanos>
  <sequence>130</sequence>
  <logger>ResivoJe</logger>
  <level>WARNING</level>
  <class>Presidente.TransactionApi.Functions</class>
  <method>createLog</method>
  <thread>12117</thread>
  <message>sendTransactionWithStatus0 SQLException | SecurityException | IOException eFunkcija sendTransactionWithStatus0 nije uspešno izvršena Transaction id: 88b1e73f-2545-4594-885c-e9e06b4df9c0  Transaction path: slot/depositTransaction body : {"transaction_id":"88b1e73f-2545-4594-885c-e9e06b4df9c0","slot_club_id":"01","transaction_amount":500,"transaction_time":"2023-02-08T03:54:29+01:00","transaction_type":"1","sticker_no":"019994"}Greska :org.postgresql.util.PSQLException: The connection attempt failed.</message>
</record>
