<?xml version="1.0" encoding="UTF-8" standalone="no"?>
<!DOCTYPE log SYSTEM "logger.dtd">
<log>
<record>
  <date>2023-02-12T20:16:45.512998900Z</date>
  <millis>1676233005512</millis>
  <nanos>998900</nanos>
  <sequence>112</sequence>
  <logger>ResivoJe</logger>
  <level>WARNING</level>
  <class>Presidente.TransactionApi.Functions</class>
  <method>createLog</method>
  <thread>31411</thread>
  <message>Processing IOException e:Connect to api.uis.gov.rs:443 [api.uis.gov.rs/195.222.99.209] failed: Connection timed out: connecttransactionId: c3961858-d5d2-4bd4-b599-7b02340dda0e</message>
</record>
<record>
  <date>2023-02-12T20:16:45.572287500Z</date>
  <millis>1676233005572</millis>
  <nanos>287500</nanos>
  <sequence>113</sequence>
  <logger>ResivoJe</logger>
  <level>WARNING</level>
  <class>Presidente.TransactionApi.Functions</class>
  <method>createLog</method>
  <thread>31412</thread>
  <message>Processing IOException e:Connect to api.uis.gov.rs:443 [api.uis.gov.rs/195.222.99.209] failed: Connection timed out: connecttransactionId: c3961858-d5d2-4bd4-b599-7b02340dda0e</message>
</record>
<record>
  <date>2023-02-12T20:16:45.757992100Z</date>
  <millis>1676233005757</millis>
  <nanos>992100</nanos>
  <sequence>114</sequence>
  <logger>ResivoJe</logger>
  <level>WARNING</level>
  <class>Presidente.TransactionApi.Functions</class>
  <method>createLog</method>
  <thread>31413</thread>
  <message>Processing IOException e:Connect to api.uis.gov.rs:443 [api.uis.gov.rs/195.222.99.209] failed: Connection timed out: connecttransactionId: c3961858-d5d2-4bd4-b599-7b02340dda0e</message>
</record>
