<?xml version="1.0" encoding="UTF-8" standalone="no"?>
<!DOCTYPE log SYSTEM "logger.dtd">
<log>
<record>
  <date>2023-02-12T21:51:32.192556800Z</date>
  <millis>1676238692192</millis>
  <nanos>556800</nanos>
  <sequence>133</sequence>
  <logger>ResivoJe</logger>
  <level>WARNING</level>
  <class>Presidente.TransactionApi.Functions</class>
  <method>createLog</method>
  <thread>29416</thread>
  <message>sendTransactionWithStatus0 SQLException | SecurityException | IOException eFunkcija sendTransactionWithStatus0 nije uspešno izvršena Transaction id: 7c2b9e1e-c0dc-44dd-ba8a-d10c5e6ae9bc  Transaction path: slot/withdrawTransaction body : {"transaction_id":"7c2b9e1e-c0dc-44dd-ba8a-d10c5e6ae9bc","slot_club_id":"09","transaction_amount":2,"transaction_time":"2023-02-08T08:27:34+01:00","transaction_type":"2","sticker_no":"029908"}Greska :org.postgresql.util.PSQLException: The connection attempt failed.</message>
</record>
<record>
  <date>2023-02-12T21:51:32.192556800Z</date>
  <millis>1676238692192</millis>
  <nanos>556800</nanos>
  <sequence>134</sequence>
  <logger>ResivoJe</logger>
  <level>WARNING</level>
  <class>Presidente.TransactionApi.Functions</class>
  <method>createLog</method>
  <thread>962</thread>
  <message>sendTransactionWithStatus0 SQLException | SecurityException | IOException eFunkcija sendTransactionWithStatus0 nije uspešno izvršena Transaction id: 7c2b9e1e-c0dc-44dd-ba8a-d10c5e6ae9bc  Transaction path: slot/withdrawTransaction body : {"transaction_id":"7c2b9e1e-c0dc-44dd-ba8a-d10c5e6ae9bc","slot_club_id":"09","transaction_amount":2,"transaction_time":"2023-02-08T08:27:34+01:00","transaction_type":"2","sticker_no":"029908"}Greska :org.postgresql.util.PSQLException: The connection attempt failed.</message>
</record>
