<?xml version="1.0" encoding="UTF-8" standalone="no"?>
<!DOCTYPE log SYSTEM "logger.dtd">
<log>
<record>
  <date>2023-03-17T18:32:00.115001300Z</date>
  <millis>1679077920115</millis>
  <nanos>1300</nanos>
  <sequence>4</sequence>
  <logger>ResivoJe</logger>
  <level>WARNING</level>
  <class>Presidente.TransactionApi.Functions</class>
  <method>createLog</method>
  <thread>104</thread>
  <message>Functions Api kaunter nije kako trebaFATAL: the database system is shutting down</message>
</record>
<record>
  <date>2023-03-17T18:32:00.953263600Z</date>
  <millis>1679077920953</millis>
  <nanos>263600</nanos>
  <sequence>5</sequence>
  <logger>ResivoJe</logger>
  <level>WARNING</level>
  <class>Presidente.TransactionApi.Functions</class>
  <method>createLog</method>
  <thread>105</thread>
  <message>Functions Api kaunter nije kako trebaFATAL: the database system is shutting down</message>
</record>
<record>
  <date>2023-03-17T18:32:01.467999500Z</date>
  <millis>1679077921467</millis>
  <nanos>999500</nanos>
  <sequence>6</sequence>
  <logger>ResivoJe</logger>
  <level>WARNING</level>
  <class>Presidente.TransactionApi.Functions</class>
  <method>createLog</method>
  <thread>20</thread>
  <message>Functions getCronError get_sp_cron_job_error_counter nije kako trebaFATAL: the database system is shutting down</message>
</record>
