<?xml version="1.0" encoding="UTF-8" standalone="no"?>
<!DOCTYPE log SYSTEM "logger.dtd">
<log>
<record>
  <date>2023-01-09T02:51:12.279422200Z</date>
  <millis>1673232672279</millis>
  <nanos>422200</nanos>
  <sequence>344</sequence>
  <logger>ResivoJe</logger>
  <level>WARNING</level>
  <class>Presidente.TransactionApi.Functions</class>
  <method>createLog</method>
  <thread>48286</thread>
  <message>Funkcija sendTransactionWithStatus0 nije uspešno izvršena Transaction id: af3339de-f3b5-4609-95df-eac7f7b8303c  Transaction path: slot/depositTransaction body : {"transaction_id":"af3339de-f3b5-4609-95df-eac7f7b8303c","slot_club_id":"09","transaction_amount":2000,"transaction_time":"2023-01-06T11:39:33+01:00","transaction_type":"1","sticker_no":"019939"}Greska :org.postgresql.util.PSQLException: The connection attempt failed.</message>
</record>
<record>
  <date>2023-01-09T02:51:12.280424100Z</date>
  <millis>1673232672280</millis>
  <nanos>424100</nanos>
  <sequence>345</sequence>
  <logger>ResivoJe</logger>
  <level>WARNING</level>
  <class>Presidente.TransactionApi.Functions</class>
  <method>createLog</method>
  <thread>55833</thread>
  <message>Funkcija sendTransactionWithStatus0 nije uspešno izvršena Transaction id: af3339de-f3b5-4609-95df-eac7f7b8303c  Transaction path: slot/depositTransaction body : {"transaction_id":"af3339de-f3b5-4609-95df-eac7f7b8303c","slot_club_id":"09","transaction_amount":2000,"transaction_time":"2023-01-06T11:39:33+01:00","transaction_type":"1","sticker_no":"019939"}Greska :org.postgresql.util.PSQLException: The connection attempt failed.</message>
</record>
