<?xml version="1.0" encoding="UTF-8" standalone="no"?>
<!DOCTYPE log SYSTEM "logger.dtd">
<log>
<record>
  <date>2023-02-12T19:45:29.592844400Z</date>
  <millis>1676231129592</millis>
  <nanos>844400</nanos>
  <sequence>19</sequence>
  <logger>ResivoJe</logger>
  <level>WARNING</level>
  <class>Presidente.TransactionApi.Functions</class>
  <method>createLog</method>
  <thread>28142</thread>
  <message>Processing IOException e:Connect to api.uis.gov.rs:443 [api.uis.gov.rs/195.222.99.209] failed: Connection timed out: connecttransactionId: f024524d-be47-4ca7-a12a-7e95fb60c194</message>
</record>
<record>
  <date>2023-02-12T19:45:29.645008200Z</date>
  <millis>1676231129645</millis>
  <nanos>8200</nanos>
  <sequence>20</sequence>
  <logger>ResivoJe</logger>
  <level>WARNING</level>
  <class>Presidente.TransactionApi.Functions</class>
  <method>createLog</method>
  <thread>28143</thread>
  <message>Processing IOException e:Connect to api.uis.gov.rs:443 [api.uis.gov.rs/195.222.99.209] failed: Connection timed out: connecttransactionId: f024524d-be47-4ca7-a12a-7e95fb60c194</message>
</record>
<record>
  <date>2023-02-12T19:45:29.674998Z</date>
  <millis>1676231129674</millis>
  <nanos>998000</nanos>
  <sequence>21</sequence>
  <logger>ResivoJe</logger>
  <level>WARNING</level>
  <class>Presidente.TransactionApi.Functions</class>
  <method>createLog</method>
  <thread>28144</thread>
  <message>Processing IOException e:Connect to api.uis.gov.rs:443 [api.uis.gov.rs/195.222.99.209] failed: Connection timed out: connecttransactionId: f024524d-be47-4ca7-a12a-7e95fb60c194</message>
</record>
