<?xml version="1.0" encoding="UTF-8" standalone="no"?>
<!DOCTYPE log SYSTEM "logger.dtd">
<log>
<record>
  <date>2023-03-02T21:16:51.999129700Z</date>
  <millis>1677791811999</millis>
  <nanos>129700</nanos>
  <sequence>59</sequence>
  <logger>ResivoJe</logger>
  <level>WARNING</level>
  <class>Presidente.TransactionApi.Functions</class>
  <method>createLog</method>
  <thread>524</thread>
  <message>Processing IOException e:Connect to api.uis.gov.rs:443 [api.uis.gov.rs/195.222.99.209] failed: Connection timed out: connecttransactionId: 804b2eb8-c15b-420b-9c72-b5dfa43e5c34</message>
</record>
<record>
  <date>2023-03-02T21:16:55.443990100Z</date>
  <millis>1677791815443</millis>
  <nanos>990100</nanos>
  <sequence>60</sequence>
  <logger>ResivoJe</logger>
  <level>WARNING</level>
  <class>Presidente.TransactionApi.Functions</class>
  <method>createLog</method>
  <thread>526</thread>
  <message>Processing IOException e:Connect to api.uis.gov.rs:443 [api.uis.gov.rs/195.222.99.209] failed: Connection timed out: connecttransactionId: e8a89b48-a937-44f7-8cd0-62dcde4b1e33</message>
</record>
