<?xml version="1.0" encoding="UTF-8" standalone="no"?>
<!DOCTYPE log SYSTEM "logger.dtd">
<log>
<record>
  <date>2023-01-10T14:33:18.028488700Z</date>
  <millis>1673361198028</millis>
  <nanos>488700</nanos>
  <sequence>115</sequence>
  <logger>ResivoJe</logger>
  <level>WARNING</level>
  <class>Presidente.TransactionApi.Functions</class>
  <method>createLog</method>
  <thread>67319</thread>
  <message>Funkcija sendTransactionWithStatus0 nije uspešno izvršena Transaction id: 81e39a84-72e7-4d63-9427-5fbb4754bfc7  Transaction path: slot/depositTransaction body : {"transaction_id":"81e39a84-72e7-4d63-9427-5fbb4754bfc7","slot_club_id":"13","transaction_amount":500,"transaction_time":"2023-01-09T21:20:27+01:00","transaction_type":"1","sticker_no":"019856"}Greska :org.postgresql.util.PSQLException: The connection attempt failed.</message>
</record>
<record>
  <date>2023-01-10T14:33:57.917532400Z</date>
  <millis>1673361237917</millis>
  <nanos>532400</nanos>
  <sequence>116</sequence>
  <logger>ResivoJe</logger>
  <level>WARNING</level>
  <class>Presidente.TransactionApi.Functions</class>
  <method>createLog</method>
  <thread>75963</thread>
  <message>Funkcija sendTransactionWithStatus0 nije uspešno izvršena Transaction id: cd109b13-4ad1-4da8-bfd3-47e7f012a95c  Transaction path: slot/depositTransaction body : {"transaction_id":"cd109b13-4ad1-4da8-bfd3-47e7f012a95c","slot_club_id":"08","transaction_amount":2000,"transaction_time":"2023-01-09T21:20:57.333598+01:00","transaction_type":"1","sticker_no":"019871"}Greska :org.postgresql.util.PSQLException: The connection attempt failed.</message>
</record>
<record>
  <date>2023-01-10T14:34:07.111267600Z</date>
  <millis>1673361247111</millis>
  <nanos>267600</nanos>
  <sequence>117</sequence>
  <logger>ResivoJe</logger>
  <level>WARNING</level>
  <class>Presidente.TransactionApi.Functions</class>
  <method>createLog</method>
  <thread>20</thread>
  <message>get_sp_cron_job_error_counter nije kako trebaThe connection attempt failed.</message>
</record>
