<?xml version="1.0" encoding="UTF-8" standalone="no"?>
<!DOCTYPE log SYSTEM "logger.dtd">
<log>
<record>
  <date>2023-03-02T21:41:12.112804200Z</date>
  <millis>1677793272112</millis>
  <nanos>804200</nanos>
  <sequence>97</sequence>
  <logger>ResivoJe</logger>
  <level>WARNING</level>
  <class>Presidente.TransactionApi.Functions</class>
  <method>createLog</method>
  <thread>814</thread>
  <message>Processing IOException e:Connect to api.uis.gov.rs:443 [api.uis.gov.rs/195.222.99.209] failed: Connection timed out: connecttransactionId: 44322f54-42cb-4e5f-b657-18ef713f5d68</message>
</record>
<record>
  <date>2023-03-02T21:41:19.752053900Z</date>
  <millis>1677793279752</millis>
  <nanos>53900</nanos>
  <sequence>98</sequence>
  <logger>ResivoJe</logger>
  <level>WARNING</level>
  <class>Presidente.TransactionApi.Functions</class>
  <method>createLog</method>
  <thread>806</thread>
  <message>Processing IOException e:Connect to api.uis.gov.rs:443 [api.uis.gov.rs/195.222.99.209] failed: Connection timed out: connecttransactionId: 3f370d8c-c5d9-4857-8aa6-6f9f77eda9c8</message>
</record>
