<?xml version="1.0" encoding="UTF-8" standalone="no"?>
<!DOCTYPE log SYSTEM "logger.dtd">
<log>
<record>
  <date>2023-01-10T07:34:50.107014300Z</date>
  <millis>1673336090107</millis>
  <nanos>14300</nanos>
  <sequence>44</sequence>
  <logger>ResivoJe</logger>
  <level>WARNING</level>
  <class>Presidente.TransactionApi.Functions</class>
  <method>createLog</method>
  <thread>33925</thread>
  <message>Funkcija sendTransactionWithStatus0 nije uspešno izvršena Transaction id: def8d7a9-2eef-45f8-8f25-200ae9e215ee  Transaction path: slot/depositTransaction body : {"transaction_id":"f57ab5b9-8fed-4161-952a-bc50ec4b435e","slot_club_id":"08","transaction_amount":1000,"transaction_time":"2023-01-09T16:17:16.495633+01:00","transaction_type":"6","sticker_no":"019890"}Greska :org.postgresql.util.PSQLException: The connection attempt failed.</message>
</record>
<record>
  <date>2023-01-10T07:35:34.179879Z</date>
  <millis>1673336134179</millis>
  <nanos>879000</nanos>
  <sequence>45</sequence>
  <logger>ResivoJe</logger>
  <level>WARNING</level>
  <class>Presidente.TransactionApi.Functions</class>
  <method>createLog</method>
  <thread>32588</thread>
  <message>Funkcija sendTransactionWithStatus0 nije uspešno izvršena Transaction id: 02ad661e-47a3-43d2-a93f-7fe869a36001  Transaction path: slot/depositTransaction body : {"transaction_id":"8a487d90-dc4c-4bb3-9439-cdb23cc1d3fc","slot_club_id":"09","transaction_amount":500,"transaction_time":"2023-01-09T16:18:06+01:00","transaction_type":"1","sticker_no":"019946"}Greska :org.postgresql.util.PSQLException: The connection attempt failed.</message>
</record>
