<?xml version="1.0" encoding="UTF-8" standalone="no"?>
<!DOCTYPE log SYSTEM "logger.dtd">
<log>
<record>
  <date>2023-01-24T20:03:37.013914400Z</date>
  <millis>1674590617013</millis>
  <nanos>914400</nanos>
  <sequence>20</sequence>
  <logger>ResivoJe</logger>
  <level>WARNING</level>
  <class>Presidente.TransactionApi.Functions</class>
  <method>createLog</method>
  <thread>10539</thread>
  <message>Processing IOException e:Connect to api.uis.gov.rs:443 [api.uis.gov.rs/195.222.99.209] failed: Connection timed out: connect</message>
</record>
<record>
  <date>2023-01-24T20:03:37.252517800Z</date>
  <millis>1674590617252</millis>
  <nanos>517800</nanos>
  <sequence>21</sequence>
  <logger>ResivoJe</logger>
  <level>WARNING</level>
  <class>Presidente.TransactionApi.Functions</class>
  <method>createLog</method>
  <thread>10540</thread>
  <message>Processing IOException e:Connect to api.uis.gov.rs:443 [api.uis.gov.rs/195.222.99.209] failed: Connection timed out: connect</message>
</record>
