<?xml version="1.0" encoding="UTF-8" standalone="no"?>
<!DOCTYPE log SYSTEM "logger.dtd">
<log>
<record>
  <date>2023-01-08T23:37:41.609323600Z</date>
  <millis>1673221061609</millis>
  <nanos>323600</nanos>
  <sequence>309</sequence>
  <logger>ResivoJe</logger>
  <level>WARNING</level>
  <class>Presidente.TransactionApi.Functions</class>
  <method>createLog</method>
  <thread>46967</thread>
  <message>Funkcija sendTransactionWithStatus0 nije uspešno izvršena Transaction id: 1539da9b-f1e0-48c4-8c2f-73b32673d374  Transaction path: slot/depositTransaction body : {"transaction_id":"1539da9b-f1e0-48c4-8c2f-73b32673d374","slot_club_id":"09","transaction_amount":1000,"transaction_time":"2023-01-06T02:45:20+01:00","transaction_type":"1","sticker_no":"019955"}Greska :org.postgresql.util.PSQLException: The connection attempt failed.</message>
</record>
<record>
  <date>2023-01-08T23:37:41.609323600Z</date>
  <millis>1673221061609</millis>
  <nanos>323600</nanos>
  <sequence>310</sequence>
  <logger>ResivoJe</logger>
  <level>WARNING</level>
  <class>Presidente.TransactionApi.Functions</class>
  <method>createLog</method>
  <thread>45531</thread>
  <message>Funkcija sendTransactionWithStatus0 nije uspešno izvršena Transaction id: 1539da9b-f1e0-48c4-8c2f-73b32673d374  Transaction path: slot/depositTransaction body : {"transaction_id":"1539da9b-f1e0-48c4-8c2f-73b32673d374","slot_club_id":"09","transaction_amount":1000,"transaction_time":"2023-01-06T02:45:20+01:00","transaction_type":"1","sticker_no":"019955"}Greska :org.postgresql.util.PSQLException: The connection attempt failed.</message>
</record>
