<?xml version="1.0" encoding="UTF-8" standalone="no"?>
<!DOCTYPE log SYSTEM "logger.dtd">
<log>
<record>
  <date>2023-03-05T13:28:47.420521900Z</date>
  <millis>1678022927420</millis>
  <nanos>521900</nanos>
  <sequence>260</sequence>
  <logger>ResivoJe</logger>
  <level>WARNING</level>
  <class>Presidente.TransactionApi.Functions</class>
  <method>createLog</method>
  <thread>1162</thread>
  <message>Processing NumberFormatException e:nulltransactionId: 285960da-382b-437d-837d-1c6c8e35fc6f</message>
</record>
<record>
  <date>2023-03-05T13:28:50.669265700Z</date>
  <millis>1678022930669</millis>
  <nanos>265700</nanos>
  <sequence>261</sequence>
  <logger>ResivoJe</logger>
  <level>WARNING</level>
  <class>Presidente.TransactionApi.Functions</class>
  <method>createLog</method>
  <thread>1164</thread>
  <message>Processing NumberFormatException e:nulltransactionId: 285960da-382b-437d-837d-1c6c8e35fc6f</message>
</record>
