<?xml version="1.0" encoding="UTF-8" standalone="no"?>
<!DOCTYPE log SYSTEM "logger.dtd">
<log>
<record>
  <date>2021-11-11T18:41:16.997824300Z</date>
  <millis>1636656076997</millis>
  <nanos>824300</nanos>
  <sequence>0</sequence>
  <logger>ResivoJe</logger>
  <level>WARNING</level>
  <class>Presidente.TransactionApi.Functions</class>
  <method>createLog</method>
  <thread>1</thread>
  <message></message>
</record>
<record>
  <date>2021-11-11T18:41:40.130874200Z</date>
  <millis>1636656100130</millis>
  <nanos>874200</nanos>
  <sequence>1</sequence>
  <logger>ResivoJe</logger>
  <level>WARNING</level>
  <class>Presidente.TransactionApi.Functions</class>
  <method>createLog</method>
  <thread>17</thread>
  <message></message>
</record>
