<?xml version="1.0" encoding="UTF-8" standalone="no"?>
<!DOCTYPE log SYSTEM "logger.dtd">
<log>
<record>
  <date>2023-02-11T19:30:54.969515600Z</date>
  <millis>1676143854969</millis>
  <nanos>515600</nanos>
  <sequence>65</sequence>
  <logger>ResivoJe</logger>
  <level>WARNING</level>
  <class>Presidente.TransactionApi.Functions</class>
  <method>createLog</method>
  <thread>2780</thread>
  <message>Processing IOException e:Connect to api.uis.gov.rs:443 [api.uis.gov.rs/195.222.99.209] failed: Connection timed out: connecttransactionId: db1eca88-91ea-43f6-bfea-1d84df819de4</message>
</record>
<record>
  <date>2023-02-11T19:30:55.109611600Z</date>
  <millis>1676143855109</millis>
  <nanos>611600</nanos>
  <sequence>66</sequence>
  <logger>ResivoJe</logger>
  <level>WARNING</level>
  <class>Presidente.TransactionApi.Functions</class>
  <method>createLog</method>
  <thread>2781</thread>
  <message>Processing IOException e:Connect to api.uis.gov.rs:443 [api.uis.gov.rs/195.222.99.209] failed: Connection timed out: connecttransactionId: 65a20918-a9ed-4cf0-bc17-2882e9670253</message>
</record>
<record>
  <date>2023-02-11T19:30:56.169056900Z</date>
  <millis>1676143856169</millis>
  <nanos>56900</nanos>
  <sequence>67</sequence>
  <logger>ResivoJe</logger>
  <level>WARNING</level>
  <class>Presidente.TransactionApi.Functions</class>
  <method>createLog</method>
  <thread>2782</thread>
  <message>Processing IOException e:Connect to api.uis.gov.rs:443 [api.uis.gov.rs/195.222.99.209] failed: Connection timed out: connecttransactionId: 65a20918-a9ed-4cf0-bc17-2882e9670253</message>
</record>
<record>
  <date>2023-02-11T19:30:57.876142200Z</date>
  <millis>1676143857876</millis>
  <nanos>142200</nanos>
  <sequence>68</sequence>
  <logger>ResivoJe</logger>
  <level>WARNING</level>
  <class>Presidente.TransactionApi.Functions</class>
  <method>createLog</method>
  <thread>2783</thread>
  <message>Processing IOException e:Connect to api.uis.gov.rs:443 [api.uis.gov.rs/195.222.99.209] failed: Connection timed out: connecttransactionId: fcce8531-14da-4387-afa9-5bd4c9b9002f</message>
</record>
