<?xml version="1.0" encoding="UTF-8" standalone="no"?>
<!DOCTYPE log SYSTEM "logger.dtd">
<log>
<record>
  <date>2023-03-02T19:05:11.174208200Z</date>
  <millis>1677783911174</millis>
  <nanos>208200</nanos>
  <sequence>23</sequence>
  <logger>ResivoJe</logger>
  <level>WARNING</level>
  <class>Presidente.TransactionApi.Functions</class>
  <method>createLog</method>
  <thread>319</thread>
  <message>Processing IOException e:Connect to api.uis.gov.rs:443 [api.uis.gov.rs/195.222.99.209] failed: Connection timed out: connecttransactionId: 334bf679-e1b5-406e-9eb2-147d06f89176</message>
</record>
<record>
  <date>2023-03-02T19:05:12.827724600Z</date>
  <millis>1677783912827</millis>
  <nanos>724600</nanos>
  <sequence>24</sequence>
  <logger>ResivoJe</logger>
  <level>WARNING</level>
  <class>Presidente.TransactionApi.Functions</class>
  <method>createLog</method>
  <thread>321</thread>
  <message>Processing IOException e:Connect to api.uis.gov.rs:443 [api.uis.gov.rs/195.222.99.209] failed: Connection timed out: connecttransactionId: 6de29005-8850-4629-a189-2c9154fbcc13</message>
</record>
<record>
  <date>2023-03-02T19:05:47.878928300Z</date>
  <millis>1677783947878</millis>
  <nanos>928300</nanos>
  <sequence>25</sequence>
  <logger>ResivoJe</logger>
  <level>WARNING</level>
  <class>Presidente.TransactionApi.Functions</class>
  <method>createLog</method>
  <thread>359</thread>
  <message>Processing IOException e:Connect to api.uis.gov.rs:443 [api.uis.gov.rs/195.222.99.209] failed: Connection timed out: connecttransactionId: f38e2fbd-a6b9-43e8-90a7-9780c182e518</message>
</record>
