<?xml version="1.0" encoding="UTF-8" standalone="no"?>
<!DOCTYPE log SYSTEM "logger.dtd">
<log>
<record>
  <date>2023-01-10T14:17:47.979623Z</date>
  <millis>1673360267979</millis>
  <nanos>623000</nanos>
  <sequence>102</sequence>
  <logger>ResivoJe</logger>
  <level>WARNING</level>
  <class>Presidente.TransactionApi.Functions</class>
  <method>createLog</method>
  <thread>49089</thread>
  <message>Funkcija sendTransactionWithStatus0 nije uspešno izvršena Transaction id: ab4ffa55-7932-4e9f-a4fe-fc1eea05fb07  Transaction path: slot/depositTransaction body : {"transaction_id":"ab4ffa55-7932-4e9f-a4fe-fc1eea05fb07","slot_club_id":"13","transaction_amount":500,"transaction_time":"2023-01-09T21:05:47+01:00","transaction_type":"1","sticker_no":"019862"}Greska :org.postgresql.util.PSQLException: The connection attempt failed.</message>
</record>
<record>
  <date>2023-01-10T14:18:48.697878400Z</date>
  <millis>1673360328697</millis>
  <nanos>878400</nanos>
  <sequence>103</sequence>
  <logger>ResivoJe</logger>
  <level>WARNING</level>
  <class>Presidente.TransactionApi.Functions</class>
  <method>createLog</method>
  <thread>70004</thread>
  <message>Funkcija sendTransactionWithStatus0 nije uspešno izvršena Transaction id: 5f6a7603-7cb5-43a1-ba61-79b8228a5deb  Transaction path: slot/depositTransaction body : {"transaction_id":"5f6a7603-7cb5-43a1-ba61-79b8228a5deb","slot_club_id":"12","transaction_amount":1000,"transaction_time":"2023-01-09T21:09:22+01:00","transaction_type":"1","sticker_no":"020033"}Greska :org.postgresql.util.PSQLException: The connection attempt failed.</message>
</record>
