<?xml version="1.0" encoding="UTF-8" standalone="no"?>
<!DOCTYPE log SYSTEM "logger.dtd">
<log>
<record>
  <date>2023-03-02T21:12:53.321216800Z</date>
  <millis>1677791573321</millis>
  <nanos>216800</nanos>
  <sequence>44</sequence>
  <logger>ResivoJe</logger>
  <level>WARNING</level>
  <class>Presidente.TransactionApi.Functions</class>
  <method>createLog</method>
  <thread>251</thread>
  <message>Processing IOException e:Connect to api.uis.gov.rs:443 [api.uis.gov.rs/195.222.99.209] failed: Connection timed out: connecttransactionId: 078f737e-47fd-49b9-828a-be698cd43d81</message>
</record>
<record>
  <date>2023-03-02T21:12:56.168764900Z</date>
  <millis>1677791576168</millis>
  <nanos>764900</nanos>
  <sequence>45</sequence>
  <logger>ResivoJe</logger>
  <level>WARNING</level>
  <class>Presidente.TransactionApi.Functions</class>
  <method>createLog</method>
  <thread>254</thread>
  <message>Processing IOException e:Connect to api.uis.gov.rs:443 [api.uis.gov.rs/195.222.99.209] failed: Connection timed out: connecttransactionId: bd19b3a2-49b6-4513-9f44-81f987cae789</message>
</record>
