<?xml version="1.0" encoding="UTF-8" standalone="no"?>
<!DOCTYPE log SYSTEM "logger.dtd">
<log>
<record>
  <date>2023-01-09T01:37:44.032784800Z</date>
  <millis>1673228264032</millis>
  <nanos>784800</nanos>
  <sequence>332</sequence>
  <logger>ResivoJe</logger>
  <level>WARNING</level>
  <class>Presidente.TransactionApi.Functions</class>
  <method>createLog</method>
  <thread>53795</thread>
  <message>Funkcija sendTransactionWithStatus0 nije uspešno izvršena Transaction id: 540c1be9-ed3c-4d83-94dd-b2a5b49a7846  Transaction path: slot/withdrawTransaction body : {"transaction_id":"540c1be9-ed3c-4d83-94dd-b2a5b49a7846","slot_club_id":"09","transaction_amount":1100,"transaction_time":"2023-01-06T10:29:30+01:00","transaction_type":"2","sticker_no":"019940"}Greska :org.postgresql.util.PSQLException: The connection attempt failed.</message>
</record>
<record>
  <date>2023-01-09T01:37:44.034030900Z</date>
  <millis>1673228264034</millis>
  <nanos>30900</nanos>
  <sequence>333</sequence>
  <logger>ResivoJe</logger>
  <level>WARNING</level>
  <class>Presidente.TransactionApi.Functions</class>
  <method>createLog</method>
  <thread>52953</thread>
  <message>Funkcija sendTransactionWithStatus0 nije uspešno izvršena Transaction id: 540c1be9-ed3c-4d83-94dd-b2a5b49a7846  Transaction path: slot/withdrawTransaction body : {"transaction_id":"540c1be9-ed3c-4d83-94dd-b2a5b49a7846","slot_club_id":"09","transaction_amount":1100,"transaction_time":"2023-01-06T10:29:30+01:00","transaction_type":"2","sticker_no":"019940"}Greska :org.postgresql.util.PSQLException: The connection attempt failed.</message>
</record>
