<?xml version="1.0" encoding="UTF-8" standalone="no"?>
<!DOCTYPE log SYSTEM "logger.dtd">
<log>
<record>
  <date>2022-11-28T18:47:29.150389200Z</date>
  <millis>1669661249150</millis>
  <nanos>389200</nanos>
  <sequence>89</sequence>
  <logger>ResivoJe</logger>
  <level>WARNING</level>
  <class>Presidente.TransactionApi.Functions</class>
  <method>createLog</method>
  <thread>45</thread>
  <message>Funkcija sendTransactionWithStatus0 nije uspešno izvršena Transaction id: c0e9a3d9-b483-4724-9fc2-2248a4237f70  Transaction path: slot/depositTransaction body : {"transaction_id":"c0e9a3d9-b483-4724-9fc2-2248a4237f70","slot_club_id":"03","transaction_amount":500,"transaction_time":"2022-11-27T16:27:02+01:00","transaction_type":"1","sticker_no":"019905"}Greska :org.postgresql.util.PSQLException: An I/O error occurred while sending to the backend.</message>
</record>
<record>
  <date>2022-11-28T18:47:29.241956100Z</date>
  <millis>1669661249241</millis>
  <nanos>956100</nanos>
  <sequence>90</sequence>
  <logger>ResivoJe</logger>
  <level>WARNING</level>
  <class>Presidente.TransactionApi.Functions</class>
  <method>createLog</method>
  <thread>20</thread>
  <message>get_sp_cron_job_error_counter nije kako trebaFATAL: the database system is in recovery mode</message>
</record>
