<?xml version="1.0" encoding="UTF-8" standalone="no"?>
<!DOCTYPE log SYSTEM "logger.dtd">
<log>
<record>
  <date>2023-03-02T19:06:05.221836900Z</date>
  <millis>1677783965221</millis>
  <nanos>836900</nanos>
  <sequence>26</sequence>
  <logger>ResivoJe</logger>
  <level>WARNING</level>
  <class>Presidente.TransactionApi.Functions</class>
  <method>createLog</method>
  <thread>340</thread>
  <message>sendTransactionWithStatus0 SQLException | SecurityException | IOException eFunkcija sendTransactionWithStatus0 nije uspešno izvršena Transaction id: 7530c76b-27d9-4d71-864a-2d11b67ea594  Transaction path: slot/depositTransaction body : {"transaction_id":"7530c76b-27d9-4d71-864a-2d11b67ea594","slot_club_id":"12","transaction_amount":2000,"transaction_time":"2023-02-18T22:24:26.68547+01:00","transaction_type":"6","sticker_no":"020034"}Greska :org.postgresql.util.PSQLException: The connection attempt failed.</message>
</record>
<record>
  <date>2023-03-02T19:06:25.144047800Z</date>
  <millis>1677783985144</millis>
  <nanos>47800</nanos>
  <sequence>27</sequence>
  <logger>ResivoJe</logger>
  <level>WARNING</level>
  <class>Presidente.TransactionApi.Functions</class>
  <method>createLog</method>
  <thread>344</thread>
  <message>Processing IOException e:Connect to api.uis.gov.rs:443 [api.uis.gov.rs/195.222.99.209] failed: Connection timed out: connecttransactionId: aaa62765-560c-4e6d-a2b3-bda32812af3e</message>
</record>
