<?xml version="1.0" encoding="UTF-8" standalone="no"?>
<!DOCTYPE log SYSTEM "logger.dtd">
<log>
<record>
  <date>2023-02-12T20:16:37.560648300Z</date>
  <millis>1676232997560</millis>
  <nanos>648300</nanos>
  <sequence>97</sequence>
  <logger>ResivoJe</logger>
  <level>WARNING</level>
  <class>Presidente.TransactionApi.Functions</class>
  <method>createLog</method>
  <thread>31396</thread>
  <message>Processing IOException e:Connect to api.uis.gov.rs:443 [api.uis.gov.rs/195.222.99.209] failed: Connection timed out: connecttransactionId: 2960d4e8-bf65-4f30-8a62-d8e9ac0baaa8</message>
</record>
<record>
  <date>2023-02-12T20:16:37.704355Z</date>
  <millis>1676232997704</millis>
  <nanos>355000</nanos>
  <sequence>98</sequence>
  <logger>ResivoJe</logger>
  <level>WARNING</level>
  <class>Presidente.TransactionApi.Functions</class>
  <method>createLog</method>
  <thread>31397</thread>
  <message>Processing IOException e:Connect to api.uis.gov.rs:443 [api.uis.gov.rs/195.222.99.209] failed: Connection timed out: connecttransactionId: d6999c44-eb95-4f0d-8ed8-ecfdc85fad1b</message>
</record>
