<?xml version="1.0" encoding="UTF-8" standalone="no"?>
<!DOCTYPE log SYSTEM "logger.dtd">
<log>
<record>
  <date>2023-03-05T15:03:14.078633600Z</date>
  <millis>1678028594078</millis>
  <nanos>633600</nanos>
  <sequence>367</sequence>
  <logger>ResivoJe</logger>
  <level>WARNING</level>
  <class>Presidente.TransactionApi.Functions</class>
  <method>createLog</method>
  <thread>1516</thread>
  <message>Processing NumberFormatException e:nulltransactionId: 51c1d6e3-ff60-448b-bbb7-4117d08d7083</message>
</record>
<record>
  <date>2023-03-05T15:03:14.694092Z</date>
  <millis>1678028594694</millis>
  <nanos>92000</nanos>
  <sequence>368</sequence>
  <logger>ResivoJe</logger>
  <level>WARNING</level>
  <class>Presidente.TransactionApi.Functions</class>
  <method>createLog</method>
  <thread>1517</thread>
  <message>Processing NumberFormatException e:nulltransactionId: 51c1d6e3-ff60-448b-bbb7-4117d08d7083</message>
</record>
