<?xml version="1.0" encoding="UTF-8" standalone="no"?>
<!DOCTYPE log SYSTEM "logger.dtd">
<log>
<record>
  <date>2023-02-11T19:17:34.898869800Z</date>
  <millis>1676143054898</millis>
  <nanos>869800</nanos>
  <sequence>2</sequence>
  <logger>ResivoJe</logger>
  <level>WARNING</level>
  <class>Presidente.TransactionApi.Functions</class>
  <method>createLog</method>
  <thread>1763</thread>
  <message>Processing IOException e:Connect to api.uis.gov.rs:443 [api.uis.gov.rs/195.222.99.209] failed: Connection timed out: connecttransactionId: c7f1c311-2933-4df6-ab17-8f3f9fee4e42</message>
</record>
<record>
  <date>2023-02-11T19:17:37.136949200Z</date>
  <millis>1676143057136</millis>
  <nanos>949200</nanos>
  <sequence>3</sequence>
  <logger>ResivoJe</logger>
  <level>WARNING</level>
  <class>Presidente.TransactionApi.Functions</class>
  <method>createLog</method>
  <thread>1764</thread>
  <message>Processing IOException e:Connect to api.uis.gov.rs:443 [api.uis.gov.rs/195.222.99.209] failed: Connection timed out: connecttransactionId: c7f1c311-2933-4df6-ab17-8f3f9fee4e42</message>
</record>
