<?xml version="1.0" encoding="UTF-8" standalone="no"?>
<!DOCTYPE log SYSTEM "logger.dtd">
<log>
<record>
  <date>2023-03-02T21:18:18.151647Z</date>
  <millis>1677791898151</millis>
  <nanos>647000</nanos>
  <sequence>68</sequence>
  <logger>ResivoJe</logger>
  <level>WARNING</level>
  <class>Presidente.TransactionApi.Functions</class>
  <method>createLog</method>
  <thread>422</thread>
  <message>sendTransactionWithStatus0 SQLException | SecurityException | IOException eFunkcija sendTransactionWithStatus0 nije uspešno izvršena Transaction id: 4bd00aeb-afcb-4211-882a-2b9654c43994  Transaction path: slot/depositTransaction body : {"transaction_id":"4bd00aeb-afcb-4211-882a-2b9654c43994","slot_club_id":"0127000008","transaction_amount":1800,"transaction_time":"2023-03-02T22:18:07+01:00","transaction_type":"1","sticker_no":"019986"}Greska :org.postgresql.util.PSQLException: The connection attempt failed.</message>
</record>
<record>
  <date>2023-03-02T21:18:19.103480Z</date>
  <millis>1677791899103</millis>
  <nanos>480000</nanos>
  <sequence>69</sequence>
  <logger>ResivoJe</logger>
  <level>WARNING</level>
  <class>Presidente.TransactionApi.Functions</class>
  <method>createLog</method>
  <thread>559</thread>
  <message>Processing IOException e:Connect to api.uis.gov.rs:443 [api.uis.gov.rs/195.222.99.209] failed: Connection timed out: connecttransactionId: c5985c37-cb63-46e8-bd83-331505467f5b</message>
</record>
<record>
  <date>2023-03-02T21:18:28.462480400Z</date>
  <millis>1677791908462</millis>
  <nanos>480400</nanos>
  <sequence>70</sequence>
  <logger>ResivoJe</logger>
  <level>WARNING</level>
  <class>Presidente.TransactionApi.Functions</class>
  <method>createLog</method>
  <thread>541</thread>
  <message>Processing IOException e:Connect to api.uis.gov.rs:443 [api.uis.gov.rs/195.222.99.209] failed: Connection timed out: connecttransactionId: c283df90-8bba-4fcd-80fe-98255e5972c8</message>
</record>
