<?xml version="1.0" encoding="UTF-8" standalone="no"?>
<!DOCTYPE log SYSTEM "logger.dtd">
<log>
<record>
  <date>2023-02-12T23:07:07.078285700Z</date>
  <millis>1676243227078</millis>
  <nanos>285700</nanos>
  <sequence>154</sequence>
  <logger>ResivoJe</logger>
  <level>WARNING</level>
  <class>Presidente.TransactionApi.Functions</class>
  <method>createLog</method>
  <thread>48225</thread>
  <message>Processing IOException e:Connect to api.uis.gov.rs:443 [api.uis.gov.rs/195.222.99.209] failed: Connection timed out: connecttransactionId: cbde6a7e-023f-4517-b0ad-b31ea7a78ff5</message>
</record>
<record>
  <date>2023-02-12T23:07:07.078285700Z</date>
  <millis>1676243227078</millis>
  <nanos>285700</nanos>
  <sequence>155</sequence>
  <logger>ResivoJe</logger>
  <level>WARNING</level>
  <class>Presidente.TransactionApi.Functions</class>
  <method>createLog</method>
  <thread>48226</thread>
  <message>Processing IOException e:Connect to api.uis.gov.rs:443 [api.uis.gov.rs/195.222.99.209] failed: Connection timed out: connecttransactionId: cbde6a7e-023f-4517-b0ad-b31ea7a78ff5</message>
</record>
