<?xml version="1.0" encoding="UTF-8" standalone="no"?>
<!DOCTYPE log SYSTEM "logger.dtd">
<log>
<record>
  <date>2023-02-15T15:11:45.716643Z</date>
  <millis>1676473905716</millis>
  <nanos>643000</nanos>
  <sequence>7</sequence>
  <logger>ResivoJe</logger>
  <level>WARNING</level>
  <class>Presidente.TransactionApi.Functions</class>
  <method>createLog</method>
  <thread>3574</thread>
  <message>Processing IOException e:No route to host: connecttransactionId: 8ca231e0-abe1-4031-9858-61314a7bf81b</message>
</record>
<record>
  <date>2023-02-15T23:34:43.315401Z</date>
  <millis>1676504083315</millis>
  <nanos>401000</nanos>
  <sequence>15</sequence>
  <logger>ResivoJe</logger>
  <level>WARNING</level>
  <class>Presidente.TransactionApi.Functions</class>
  <method>createLog</method>
  <thread>3589</thread>
  <message>sendTransactionWithStatus0 SQLException | SecurityException | IOException eFunkcija sendTransactionWithStatus0 nije uspešno izvršena Transaction id: 712ae2cd-7a9f-4f5b-acb4-111f587ab9d2  Transaction path: slot/withdrawTransaction body : {"transaction_id":"712ae2cd-7a9f-4f5b-acb4-111f587ab9d2","slot_club_id":"14","transaction_amount":2025,"transaction_time":"2023-02-09T19:54:52.818042+01:00","transaction_type":"8","sticker_no":"503265"}Greska :org.postgresql.util.PSQLException: The connection attempt failed.</message>
</record>
<record>
  <date>2023-02-15T23:34:43.315025400Z</date>
  <millis>1676504083315</millis>
  <nanos>25400</nanos>
  <sequence>14</sequence>
  <logger>ResivoJe</logger>
  <level>WARNING</level>
  <class>Presidente.TransactionApi.Functions</class>
  <method>createLog</method>
  <thread>3576</thread>
  <message>Processing IOException e:No such host is known (api.uis.gov.rs)transactionId: 615c1b3d-98c2-49e1-a887-9263a6dfa332</message>
</record>
<record>
  <date>2023-02-15T23:34:43.315401Z</date>
  <millis>1676504083315</millis>
  <nanos>401000</nanos>
  <sequence>16</sequence>
  <logger>ResivoJe</logger>
  <level>WARNING</level>
  <class>Presidente.TransactionApi.Functions</class>
  <method>createLog</method>
  <thread>3575</thread>
  <message>Processing IOException e:No route to host: connecttransactionId: e297d838-961e-4cea-86a4-bffe77805c02</message>
</record>
<record>
  <date>2023-02-15T23:34:43.319441300Z</date>
  <millis>1676504083319</millis>
  <nanos>441300</nanos>
  <sequence>17</sequence>
  <logger>ResivoJe</logger>
  <level>WARNING</level>
  <class>Presidente.TransactionApi.Functions</class>
  <method>createLog</method>
  <thread>3577</thread>
  <message>Processing IOException e:api.uis.gov.rstransactionId: e297d838-961e-4cea-86a4-bffe77805c02</message>
</record>
<record>
  <date>2023-02-15T23:34:43.619052900Z</date>
  <millis>1676504083619</millis>
  <nanos>52900</nanos>
  <sequence>18</sequence>
  <logger>ResivoJe</logger>
  <level>WARNING</level>
  <class>Presidente.TransactionApi.Functions</class>
  <method>createLog</method>
  <thread>3578</thread>
  <message>Processing IOException e:api.uis.gov.rstransactionId: e297d838-961e-4cea-86a4-bffe77805c02</message>
</record>
<record>
  <date>2023-02-15T23:34:43.945695600Z</date>
  <millis>1676504083945</millis>
  <nanos>695600</nanos>
  <sequence>19</sequence>
  <logger>ResivoJe</logger>
  <level>WARNING</level>
  <class>Presidente.TransactionApi.Functions</class>
  <method>createLog</method>
  <thread>3579</thread>
  <message>Processing IOException e:api.uis.gov.rstransactionId: e297d838-961e-4cea-86a4-bffe77805c02</message>
</record>
<record>
  <date>2023-02-15T23:34:46.170622700Z</date>
  <millis>1676504086170</millis>
  <nanos>622700</nanos>
  <sequence>20</sequence>
  <logger>ResivoJe</logger>
  <level>WARNING</level>
  <class>Presidente.TransactionApi.Functions</class>
  <method>createLog</method>
  <thread>3580</thread>
  <message>Processing IOException e:api.uis.gov.rstransactionId: e297d838-961e-4cea-86a4-bffe77805c02</message>
</record>
<record>
  <date>2023-02-15T23:34:46.607761300Z</date>
  <millis>1676504086607</millis>
  <nanos>761300</nanos>
  <sequence>21</sequence>
  <logger>ResivoJe</logger>
  <level>WARNING</level>
  <class>Presidente.TransactionApi.Functions</class>
  <method>createLog</method>
  <thread>3581</thread>
  <message>Processing IOException e:api.uis.gov.rstransactionId: 712ae2cd-7a9f-4f5b-acb4-111f587ab9d2</message>
</record>
<record>
  <date>2023-02-15T23:34:47.246108500Z</date>
  <millis>1676504087246</millis>
  <nanos>108500</nanos>
  <sequence>22</sequence>
  <logger>ResivoJe</logger>
  <level>WARNING</level>
  <class>Presidente.TransactionApi.Functions</class>
  <method>createLog</method>
  <thread>3582</thread>
  <message>Processing IOException e:api.uis.gov.rstransactionId: 712ae2cd-7a9f-4f5b-acb4-111f587ab9d2</message>
</record>
<record>
  <date>2023-02-15T23:34:47.904348800Z</date>
  <millis>1676504087904</millis>
  <nanos>348800</nanos>
  <sequence>23</sequence>
  <logger>ResivoJe</logger>
  <level>WARNING</level>
  <class>Presidente.TransactionApi.Functions</class>
  <method>createLog</method>
  <thread>3583</thread>
  <message>Processing IOException e:api.uis.gov.rstransactionId: 712ae2cd-7a9f-4f5b-acb4-111f587ab9d2</message>
</record>
<record>
  <date>2023-02-15T23:34:48.983979100Z</date>
  <millis>1676504088983</millis>
  <nanos>979100</nanos>
  <sequence>24</sequence>
  <logger>ResivoJe</logger>
  <level>WARNING</level>
  <class>Presidente.TransactionApi.Functions</class>
  <method>createLog</method>
  <thread>3584</thread>
  <message>Processing IOException e:api.uis.gov.rstransactionId: 712ae2cd-7a9f-4f5b-acb4-111f587ab9d2</message>
</record>
<record>
  <date>2023-02-15T23:34:49.815824400Z</date>
  <millis>1676504089815</millis>
  <nanos>824400</nanos>
  <sequence>25</sequence>
  <logger>ResivoJe</logger>
  <level>WARNING</level>
  <class>Presidente.TransactionApi.Functions</class>
  <method>createLog</method>
  <thread>3585</thread>
  <message>Processing IOException e:api.uis.gov.rstransactionId: 712ae2cd-7a9f-4f5b-acb4-111f587ab9d2</message>
</record>
<record>
  <date>2023-02-15T23:34:49.849832600Z</date>
  <millis>1676504089849</millis>
  <nanos>832600</nanos>
  <sequence>26</sequence>
  <logger>ResivoJe</logger>
  <level>WARNING</level>
  <class>Presidente.TransactionApi.Functions</class>
  <method>createLog</method>
  <thread>3587</thread>
  <message>Processing IOException e:api.uis.gov.rstransactionId: 712ae2cd-7a9f-4f5b-acb4-111f587ab9d2</message>
</record>
<record>
  <date>2023-02-15T23:34:49.870341700Z</date>
  <millis>1676504089870</millis>
  <nanos>341700</nanos>
  <sequence>27</sequence>
  <logger>ResivoJe</logger>
  <level>WARNING</level>
  <class>Presidente.TransactionApi.Functions</class>
  <method>createLog</method>
  <thread>3586</thread>
  <message>Processing IOException e:api.uis.gov.rstransactionId: 712ae2cd-7a9f-4f5b-acb4-111f587ab9d2</message>
</record>
<record>
  <date>2023-02-15T23:34:49.910430600Z</date>
  <millis>1676504089910</millis>
  <nanos>430600</nanos>
  <sequence>28</sequence>
  <logger>ResivoJe</logger>
  <level>WARNING</level>
  <class>Presidente.TransactionApi.Functions</class>
  <method>createLog</method>
  <thread>3588</thread>
  <message>Processing IOException e:api.uis.gov.rstransactionId: 712ae2cd-7a9f-4f5b-acb4-111f587ab9d2</message>
</record>
