<?xml version="1.0" encoding="UTF-8" standalone="no"?>
<!DOCTYPE log SYSTEM "logger.dtd">
<log>
<record>
  <date>2023-03-05T15:05:41.694564900Z</date>
  <millis>1678028741694</millis>
  <nanos>564900</nanos>
  <sequence>373</sequence>
  <logger>ResivoJe</logger>
  <level>WARNING</level>
  <class>Presidente.TransactionApi.Functions</class>
  <method>createLog</method>
  <thread>1532</thread>
  <message>Processing NumberFormatException e:nulltransactionId: 51c1d6e3-ff60-448b-bbb7-4117d08d7083</message>
</record>
<record>
  <date>2023-03-05T15:05:47.448598700Z</date>
  <millis>1678028747448</millis>
  <nanos>598700</nanos>
  <sequence>374</sequence>
  <logger>ResivoJe</logger>
  <level>WARNING</level>
  <class>Presidente.TransactionApi.Functions</class>
  <method>createLog</method>
  <thread>1533</thread>
  <message>Processing NumberFormatException e:nulltransactionId: 51c1d6e3-ff60-448b-bbb7-4117d08d7083</message>
</record>
