<?xml version="1.0" encoding="UTF-8" standalone="no"?>
<!DOCTYPE log SYSTEM "logger.dtd">
<log>
<record>
  <date>2023-01-08T22:06:42.708259100Z</date>
  <millis>1673215602708</millis>
  <nanos>259100</nanos>
  <sequence>267</sequence>
  <logger>ResivoJe</logger>
  <level>WARNING</level>
  <class>Presidente.TransactionApi.Functions</class>
  <method>createLog</method>
  <thread>319</thread>
  <message>Funkcija sendTransactionWithStatus0 nije uspešno izvršena Transaction id: 7c622d67-35b5-44e2-a0cd-35637a763bfb  Transaction path: slot/depositTransaction body : {"transaction_id":"7c622d67-35b5-44e2-a0cd-35637a763bfb","slot_club_id":"01","transaction_amount":500,"transaction_time":"2023-01-06T01:35:02+01:00","transaction_type":"1","sticker_no":"029915"}Greska :org.postgresql.util.PSQLException: The connection attempt failed.</message>
</record>
<record>
  <date>2023-01-08T22:06:42.708259100Z</date>
  <millis>1673215602708</millis>
  <nanos>259100</nanos>
  <sequence>268</sequence>
  <logger>ResivoJe</logger>
  <level>WARNING</level>
  <class>Presidente.TransactionApi.Functions</class>
  <method>createLog</method>
  <thread>23403</thread>
  <message>Funkcija sendTransactionWithStatus0 nije uspešno izvršena Transaction id: 7c622d67-35b5-44e2-a0cd-35637a763bfb  Transaction path: slot/depositTransaction body : {"transaction_id":"7c622d67-35b5-44e2-a0cd-35637a763bfb","slot_club_id":"01","transaction_amount":500,"transaction_time":"2023-01-06T01:35:02+01:00","transaction_type":"1","sticker_no":"029915"}Greska :org.postgresql.util.PSQLException: The connection attempt failed.</message>
</record>
