<?xml version="1.0" encoding="UTF-8" standalone="no"?>
<!DOCTYPE log SYSTEM "logger.dtd">
<log>
<record>
  <date>2023-03-05T14:58:26.421011100Z</date>
  <millis>1678028306421</millis>
  <nanos>11100</nanos>
  <sequence>349</sequence>
  <logger>ResivoJe</logger>
  <level>WARNING</level>
  <class>Presidente.TransactionApi.Functions</class>
  <method>createLog</method>
  <thread>1486</thread>
  <message>Processing NumberFormatException e:nulltransactionId: 51c1d6e3-ff60-448b-bbb7-4117d08d7083</message>
</record>
<record>
  <date>2023-03-05T14:58:30.946492300Z</date>
  <millis>1678028310946</millis>
  <nanos>492300</nanos>
  <sequence>350</sequence>
  <logger>ResivoJe</logger>
  <level>WARNING</level>
  <class>Presidente.TransactionApi.Functions</class>
  <method>createLog</method>
  <thread>1487</thread>
  <message>Processing NumberFormatException e:nulltransactionId: 51c1d6e3-ff60-448b-bbb7-4117d08d7083</message>
</record>
