<?xml version="1.0" encoding="UTF-8" standalone="no"?>
<!DOCTYPE log SYSTEM "logger.dtd">
<log>
<record>
  <date>2023-02-11T19:30:13.066420600Z</date>
  <millis>1676143813066</millis>
  <nanos>420600</nanos>
  <sequence>37</sequence>
  <logger>ResivoJe</logger>
  <level>WARNING</level>
  <class>Presidente.TransactionApi.Functions</class>
  <method>createLog</method>
  <thread>2716</thread>
  <message>Processing IOException e:Connect to api.uis.gov.rs:443 [api.uis.gov.rs/195.222.99.209] failed: Connection timed out: connecttransactionId: 667173b0-b693-4a39-a172-59cd6174308f</message>
</record>
<record>
  <date>2023-02-11T19:30:14.826368600Z</date>
  <millis>1676143814826</millis>
  <nanos>368600</nanos>
  <sequence>38</sequence>
  <logger>ResivoJe</logger>
  <level>WARNING</level>
  <class>Presidente.TransactionApi.Functions</class>
  <method>createLog</method>
  <thread>2717</thread>
  <message>Processing IOException e:Connect to api.uis.gov.rs:443 [api.uis.gov.rs/195.222.99.209] failed: Connection timed out: connecttransactionId: b05d8e62-51be-4596-9585-641bb53e4aa3</message>
</record>
<record>
  <date>2023-02-11T19:30:15.044393200Z</date>
  <millis>1676143815044</millis>
  <nanos>393200</nanos>
  <sequence>39</sequence>
  <logger>ResivoJe</logger>
  <level>WARNING</level>
  <class>Presidente.TransactionApi.Functions</class>
  <method>createLog</method>
  <thread>2718</thread>
  <message>Processing IOException e:Connect to api.uis.gov.rs:443 [api.uis.gov.rs/195.222.99.209] failed: Connection timed out: connecttransactionId: b05d8e62-51be-4596-9585-641bb53e4aa3</message>
</record>
<record>
  <date>2023-02-11T19:30:15.262945800Z</date>
  <millis>1676143815262</millis>
  <nanos>945800</nanos>
  <sequence>40</sequence>
  <logger>ResivoJe</logger>
  <level>WARNING</level>
  <class>Presidente.TransactionApi.Functions</class>
  <method>createLog</method>
  <thread>2719</thread>
  <message>Processing IOException e:Connect to api.uis.gov.rs:443 [api.uis.gov.rs/195.222.99.209] failed: Connection timed out: connecttransactionId: b05d8e62-51be-4596-9585-641bb53e4aa3</message>
</record>
<record>
  <date>2023-02-11T19:30:15.712030200Z</date>
  <millis>1676143815712</millis>
  <nanos>30200</nanos>
  <sequence>41</sequence>
  <logger>ResivoJe</logger>
  <level>WARNING</level>
  <class>Presidente.TransactionApi.Functions</class>
  <method>createLog</method>
  <thread>2720</thread>
  <message>Processing IOException e:Connect to api.uis.gov.rs:443 [api.uis.gov.rs/195.222.99.209] failed: Connection timed out: connecttransactionId: 43dba53f-a191-49ce-9d90-f4bf6f5c131c</message>
</record>
<record>
  <date>2023-02-11T19:30:16.569813100Z</date>
  <millis>1676143816569</millis>
  <nanos>813100</nanos>
  <sequence>42</sequence>
  <logger>ResivoJe</logger>
  <level>WARNING</level>
  <class>Presidente.TransactionApi.Functions</class>
  <method>createLog</method>
  <thread>2721</thread>
  <message>Processing IOException e:Connect to api.uis.gov.rs:443 [api.uis.gov.rs/195.222.99.209] failed: Connection timed out: connecttransactionId: 8d2e1251-7f6d-4cfe-885e-c77c9afbf808</message>
</record>
<record>
  <date>2023-02-11T19:30:17.146001800Z</date>
  <millis>1676143817146</millis>
  <nanos>1800</nanos>
  <sequence>43</sequence>
  <logger>ResivoJe</logger>
  <level>WARNING</level>
  <class>Presidente.TransactionApi.Functions</class>
  <method>createLog</method>
  <thread>2722</thread>
  <message>Processing IOException e:Connect to api.uis.gov.rs:443 [api.uis.gov.rs/195.222.99.209] failed: Connection timed out: connecttransactionId: 8d2e1251-7f6d-4cfe-885e-c77c9afbf808</message>
</record>
