<?xml version="1.0" encoding="UTF-8" standalone="no"?>
<!DOCTYPE log SYSTEM "logger.dtd">
<log>
<record>
  <date>2023-03-02T20:03:29.746464100Z</date>
  <millis>1677787409746</millis>
  <nanos>464100</nanos>
  <sequence>49</sequence>
  <logger>ResivoJe</logger>
  <level>WARNING</level>
  <class>Presidente.TransactionApi.Functions</class>
  <method>createLog</method>
  <thread>483</thread>
  <message>Processing IOException e:Connect to api.uis.gov.rs:443 [api.uis.gov.rs/195.222.99.209] failed: Connection timed out: connecttransactionId: 87dcb862-5552-452c-9cb7-35aeac5a9d7a</message>
</record>
<record>
  <date>2023-03-02T20:03:57.744041800Z</date>
  <millis>1677787437744</millis>
  <nanos>41800</nanos>
  <sequence>50</sequence>
  <logger>ResivoJe</logger>
  <level>WARNING</level>
  <class>Presidente.TransactionApi.Functions</class>
  <method>createLog</method>
  <thread>519</thread>
  <message>Processing IOException e:Connect to api.uis.gov.rs:443 [api.uis.gov.rs/195.222.99.209] failed: Connection timed out: connecttransactionId: e44ad2c7-0493-43ab-87ce-87e2e3d6fc4f</message>
</record>
<record>
  <date>2023-03-02T20:04:08.851480400Z</date>
  <millis>1677787448851</millis>
  <nanos>480400</nanos>
  <sequence>51</sequence>
  <logger>ResivoJe</logger>
  <level>WARNING</level>
  <class>Presidente.TransactionApi.Functions</class>
  <method>createLog</method>
  <thread>524</thread>
  <message>Processing IOException e:Connect to api.uis.gov.rs:443 [api.uis.gov.rs/195.222.99.209] failed: Connection timed out: connecttransactionId: 236b638a-62b4-4bc1-b25d-555020038eab</message>
</record>
<record>
  <date>2023-03-02T20:04:12.325160400Z</date>
  <millis>1677787452325</millis>
  <nanos>160400</nanos>
  <sequence>52</sequence>
  <logger>ResivoJe</logger>
  <level>WARNING</level>
  <class>Presidente.TransactionApi.Functions</class>
  <method>createLog</method>
  <thread>526</thread>
  <message>Processing IOException e:Connect to api.uis.gov.rs:443 [api.uis.gov.rs/195.222.99.209] failed: Connection timed out: connecttransactionId: 60003150-1d4a-4781-b0aa-f671695681d1</message>
</record>
