<?xml version="1.0" encoding="UTF-8" standalone="no"?>
<!DOCTYPE log SYSTEM "logger.dtd">
<log>
<record>
  <date>2023-03-02T21:26:43.361277200Z</date>
  <millis>1677792403361</millis>
  <nanos>277200</nanos>
  <sequence>78</sequence>
  <logger>ResivoJe</logger>
  <level>WARNING</level>
  <class>Presidente.TransactionApi.Functions</class>
  <method>createLog</method>
  <thread>644</thread>
  <message>Processing IOException e:Connect to api.uis.gov.rs:443 [api.uis.gov.rs/195.222.99.209] failed: Connection timed out: connecttransactionId: f26bb392-1fe9-449e-a7f4-64cc3982139c</message>
</record>
<record>
  <date>2023-03-02T21:26:57.133473200Z</date>
  <millis>1677792417133</millis>
  <nanos>473200</nanos>
  <sequence>79</sequence>
  <logger>ResivoJe</logger>
  <level>WARNING</level>
  <class>Presidente.TransactionApi.Functions</class>
  <method>createLog</method>
  <thread>655</thread>
  <message>Processing IOException e:Connect to api.uis.gov.rs:443 [api.uis.gov.rs/195.222.99.209] failed: Connection timed out: connecttransactionId: 3bb72072-07a1-4141-bd1d-a7174d009475</message>
</record>
<record>
  <date>2023-03-02T21:26:57.618610700Z</date>
  <millis>1677792417618</millis>
  <nanos>610700</nanos>
  <sequence>80</sequence>
  <logger>ResivoJe</logger>
  <level>WARNING</level>
  <class>Presidente.TransactionApi.Functions</class>
  <method>createLog</method>
  <thread>656</thread>
  <message>Processing IOException e:Connect to api.uis.gov.rs:443 [api.uis.gov.rs/195.222.99.209] failed: Connection timed out: connecttransactionId: 46ec6972-d90f-4baa-8e49-65a28f8794ba</message>
</record>
<record>
  <date>2023-03-02T21:27:03.176464300Z</date>
  <millis>1677792423176</millis>
  <nanos>464300</nanos>
  <sequence>81</sequence>
  <logger>ResivoJe</logger>
  <level>WARNING</level>
  <class>Presidente.TransactionApi.Functions</class>
  <method>createLog</method>
  <thread>658</thread>
  <message>Processing IOException e:Connect to api.uis.gov.rs:443 [api.uis.gov.rs/195.222.99.209] failed: Connection timed out: connecttransactionId: f4c6e40f-6d52-4f2c-910e-b034007a1c4f</message>
</record>
<record>
  <date>2023-03-02T21:27:14.333401Z</date>
  <millis>1677792434333</millis>
  <nanos>401000</nanos>
  <sequence>82</sequence>
  <logger>ResivoJe</logger>
  <level>WARNING</level>
  <class>Presidente.TransactionApi.Functions</class>
  <method>createLog</method>
  <thread>650</thread>
  <message>Processing IOException e:Connect to api.uis.gov.rs:443 [api.uis.gov.rs/195.222.99.209] failed: Connection timed out: connecttransactionId: 43f00183-7ef5-40d8-a722-3ebc0c3e98fd</message>
</record>
<record>
  <date>2023-03-02T21:27:23.150007Z</date>
  <millis>1677792443150</millis>
  <nanos>7000</nanos>
  <sequence>83</sequence>
  <logger>ResivoJe</logger>
  <level>WARNING</level>
  <class>Presidente.TransactionApi.Functions</class>
  <method>createLog</method>
  <thread>652</thread>
  <message>Processing IOException e:Connect to api.uis.gov.rs:443 [api.uis.gov.rs/195.222.99.209] failed: Connection timed out: connecttransactionId: cec75c15-554a-457d-9f79-161dd5ff7bcf</message>
</record>
