<?xml version="1.0" encoding="UTF-8" standalone="no"?>
<!DOCTYPE log SYSTEM "logger.dtd">
<log>
<record>
  <date>2023-02-12T19:45:23.468111300Z</date>
  <millis>1676231123468</millis>
  <nanos>111300</nanos>
  <sequence>2</sequence>
  <logger>ResivoJe</logger>
  <level>WARNING</level>
  <class>Presidente.TransactionApi.Functions</class>
  <method>createLog</method>
  <thread>28126</thread>
  <message>Processing IOException e:Connect to api.uis.gov.rs:443 [api.uis.gov.rs/195.222.99.209] failed: Connection timed out: connecttransactionId: 6e64fd6d-301e-413c-a45b-33c96ab9a486</message>
</record>
<record>
  <date>2023-02-12T19:45:23.483345500Z</date>
  <millis>1676231123483</millis>
  <nanos>345500</nanos>
  <sequence>3</sequence>
  <logger>ResivoJe</logger>
  <level>WARNING</level>
  <class>Presidente.TransactionApi.Functions</class>
  <method>createLog</method>
  <thread>28125</thread>
  <message>Processing IOException e:Connect to api.uis.gov.rs:443 [api.uis.gov.rs/195.222.99.209] failed: Connection timed out: connecttransactionId: 6e64fd6d-301e-413c-a45b-33c96ab9a486</message>
</record>
<record>
  <date>2023-02-12T19:45:24.462552500Z</date>
  <millis>1676231124462</millis>
  <nanos>552500</nanos>
  <sequence>4</sequence>
  <logger>ResivoJe</logger>
  <level>WARNING</level>
  <class>Presidente.TransactionApi.Functions</class>
  <method>createLog</method>
  <thread>28127</thread>
  <message>Processing IOException e:Connect to api.uis.gov.rs:443 [api.uis.gov.rs/195.222.99.209] failed: Connection timed out: connecttransactionId: 43933c57-388a-4144-a0f3-95833f869d80</message>
</record>
<record>
  <date>2023-02-12T19:45:24.541171200Z</date>
  <millis>1676231124541</millis>
  <nanos>171200</nanos>
  <sequence>5</sequence>
  <logger>ResivoJe</logger>
  <level>WARNING</level>
  <class>Presidente.TransactionApi.Functions</class>
  <method>createLog</method>
  <thread>28128</thread>
  <message>Processing IOException e:Connect to api.uis.gov.rs:443 [api.uis.gov.rs/195.222.99.209] failed: Connection timed out: connecttransactionId: 43933c57-388a-4144-a0f3-95833f869d80</message>
</record>
<record>
  <date>2023-02-12T19:45:24.709527300Z</date>
  <millis>1676231124709</millis>
  <nanos>527300</nanos>
  <sequence>6</sequence>
  <logger>ResivoJe</logger>
  <level>WARNING</level>
  <class>Presidente.TransactionApi.Functions</class>
  <method>createLog</method>
  <thread>28129</thread>
  <message>Processing IOException e:Connect to api.uis.gov.rs:443 [api.uis.gov.rs/195.222.99.209] failed: Connection timed out: connecttransactionId: 43933c57-388a-4144-a0f3-95833f869d80</message>
</record>
<record>
  <date>2023-02-12T19:45:25.096447500Z</date>
  <millis>1676231125096</millis>
  <nanos>447500</nanos>
  <sequence>7</sequence>
  <logger>ResivoJe</logger>
  <level>WARNING</level>
  <class>Presidente.TransactionApi.Functions</class>
  <method>createLog</method>
  <thread>28131</thread>
  <message>Processing IOException e:Connect to api.uis.gov.rs:443 [api.uis.gov.rs/195.222.99.209] failed: Connection timed out: connecttransactionId: 43933c57-388a-4144-a0f3-95833f869d80</message>
</record>
<record>
  <date>2023-02-12T19:45:25.119804800Z</date>
  <millis>1676231125119</millis>
  <nanos>804800</nanos>
  <sequence>8</sequence>
  <logger>ResivoJe</logger>
  <level>WARNING</level>
  <class>Presidente.TransactionApi.Functions</class>
  <method>createLog</method>
  <thread>28130</thread>
  <message>Processing IOException e:Connect to api.uis.gov.rs:443 [api.uis.gov.rs/195.222.99.209] failed: Connection timed out: connecttransactionId: 43933c57-388a-4144-a0f3-95833f869d80</message>
</record>
<record>
  <date>2023-02-12T19:45:25.165339400Z</date>
  <millis>1676231125165</millis>
  <nanos>339400</nanos>
  <sequence>9</sequence>
  <logger>ResivoJe</logger>
  <level>WARNING</level>
  <class>Presidente.TransactionApi.Functions</class>
  <method>createLog</method>
  <thread>28132</thread>
  <message>Processing IOException e:Connect to api.uis.gov.rs:443 [api.uis.gov.rs/195.222.99.209] failed: Connection timed out: connecttransactionId: 43933c57-388a-4144-a0f3-95833f869d80</message>
</record>
<record>
  <date>2023-02-12T19:45:25.465832300Z</date>
  <millis>1676231125465</millis>
  <nanos>832300</nanos>
  <sequence>10</sequence>
  <logger>ResivoJe</logger>
  <level>WARNING</level>
  <class>Presidente.TransactionApi.Functions</class>
  <method>createLog</method>
  <thread>28133</thread>
  <message>Processing IOException e:Connect to api.uis.gov.rs:443 [api.uis.gov.rs/195.222.99.209] failed: Connection timed out: connecttransactionId: 43933c57-388a-4144-a0f3-95833f869d80</message>
</record>
<record>
  <date>2023-02-12T19:45:25.542075900Z</date>
  <millis>1676231125542</millis>
  <nanos>75900</nanos>
  <sequence>11</sequence>
  <logger>ResivoJe</logger>
  <level>WARNING</level>
  <class>Presidente.TransactionApi.Functions</class>
  <method>createLog</method>
  <thread>28134</thread>
  <message>Processing IOException e:Connect to api.uis.gov.rs:443 [api.uis.gov.rs/195.222.99.209] failed: Connection timed out: connecttransactionId: 43933c57-388a-4144-a0f3-95833f869d80</message>
</record>
