<?xml version="1.0" encoding="UTF-8" standalone="no"?>
<!DOCTYPE log SYSTEM "logger.dtd">
<log>
<record>
  <date>2023-03-02T21:27:03.176464300Z</date>
  <millis>1677792423176</millis>
  <nanos>464300</nanos>
  <sequence>81</sequence>
  <logger>ResivoJe</logger>
  <level>WARNING</level>
  <class>Presidente.TransactionApi.Functions</class>
  <method>createLog</method>
  <thread>658</thread>
  <message>Processing IOException e:Connect to api.uis.gov.rs:443 [api.uis.gov.rs/195.222.99.209] failed: Connection timed out: connecttransactionId: f4c6e40f-6d52-4f2c-910e-b034007a1c4f</message>
</record>
<record>
  <date>2023-03-02T21:27:14.333401Z</date>
  <millis>1677792434333</millis>
  <nanos>401000</nanos>
  <sequence>82</sequence>
  <logger>ResivoJe</logger>
  <level>WARNING</level>
  <class>Presidente.TransactionApi.Functions</class>
  <method>createLog</method>
  <thread>650</thread>
  <message>Processing IOException e:Connect to api.uis.gov.rs:443 [api.uis.gov.rs/195.222.99.209] failed: Connection timed out: connecttransactionId: 43f00183-7ef5-40d8-a722-3ebc0c3e98fd</message>
</record>
<record>
  <date>2023-03-02T21:27:23.150007Z</date>
  <millis>1677792443150</millis>
  <nanos>7000</nanos>
  <sequence>83</sequence>
  <logger>ResivoJe</logger>
  <level>WARNING</level>
  <class>Presidente.TransactionApi.Functions</class>
  <method>createLog</method>
  <thread>652</thread>
  <message>Processing IOException e:Connect to api.uis.gov.rs:443 [api.uis.gov.rs/195.222.99.209] failed: Connection timed out: connecttransactionId: cec75c15-554a-457d-9f79-161dd5ff7bcf</message>
</record>
