<?xml version="1.0" encoding="UTF-8" standalone="no"?>
<!DOCTYPE log SYSTEM "logger.dtd">
<log>
<record>
  <date>2023-03-05T15:21:38.902874600Z</date>
  <millis>1678029698902</millis>
  <nanos>874600</nanos>
  <sequence>440</sequence>
  <logger>ResivoJe</logger>
  <level>WARNING</level>
  <class>Presidente.TransactionApi.Functions</class>
  <method>createLog</method>
  <thread>1648</thread>
  <message>Processing NumberFormatException e:nulltransactionId: 51c1d6e3-ff60-448b-bbb7-4117d08d7083</message>
</record>
<record>
  <date>2023-03-05T15:21:39.665421300Z</date>
  <millis>1678029699665</millis>
  <nanos>421300</nanos>
  <sequence>441</sequence>
  <logger>ResivoJe</logger>
  <level>WARNING</level>
  <class>Presidente.TransactionApi.Functions</class>
  <method>createLog</method>
  <thread>1649</thread>
  <message>Processing NumberFormatException e:nulltransactionId: 51c1d6e3-ff60-448b-bbb7-4117d08d7083</message>
</record>
