<?xml version="1.0" encoding="UTF-8" standalone="no"?>
<!DOCTYPE log SYSTEM "logger.dtd">
<log>
<record>
  <date>2023-01-10T15:01:18.496874100Z</date>
  <millis>1673362878496</millis>
  <nanos>874100</nanos>
  <sequence>144</sequence>
  <logger>ResivoJe</logger>
  <level>WARNING</level>
  <class>Presidente.TransactionApi.Functions</class>
  <method>createLog</method>
  <thread>80083</thread>
  <message>Funkcija sendTransactionWithStatus0 nije uspešno izvršena Transaction id: 160d12d7-3269-4973-bdc4-8a3f3777cccd  Transaction path: slot/depositTransaction body : {"transaction_id":"160d12d7-3269-4973-bdc4-8a3f3777cccd","slot_club_id":"08","transaction_amount":500,"transaction_time":"2023-01-09T22:01:09.871376+01:00","transaction_type":"6","sticker_no":"019877"}Greska :org.postgresql.util.PSQLException: The connection attempt failed.</message>
</record>
<record>
  <date>2023-01-10T15:01:52.526404200Z</date>
  <millis>1673362912526</millis>
  <nanos>404200</nanos>
  <sequence>145</sequence>
  <logger>ResivoJe</logger>
  <level>WARNING</level>
  <class>Presidente.TransactionApi.Functions</class>
  <method>createLog</method>
  <thread>79861</thread>
  <message>Funkcija sendTransactionWithStatus0 nije uspešno izvršena Transaction id: 684aea0a-9187-4c78-9010-e06c1eac22f1  Transaction path: slot/withdrawTransaction body : {"transaction_id":"684aea0a-9187-4c78-9010-e06c1eac22f1","slot_club_id":"0127000008","transaction_amount":1.6,"transaction_time":"2023-01-10T16:01:40+01:00","transaction_type":"2","sticker_no":"019975"}Greska :org.postgresql.util.PSQLException: The connection attempt failed.</message>
</record>
