<?xml version="1.0" encoding="UTF-8" standalone="no"?>
<!DOCTYPE log SYSTEM "logger.dtd">
<log>
<record>
  <date>2023-03-05T15:27:22.886323600Z</date>
  <millis>1678030042886</millis>
  <nanos>323600</nanos>
  <sequence>469</sequence>
  <logger>ResivoJe</logger>
  <level>WARNING</level>
  <class>Presidente.TransactionApi.Functions</class>
  <method>createLog</method>
  <thread>1687</thread>
  <message>Processing NumberFormatException e:nulltransactionId: 51c1d6e3-ff60-448b-bbb7-4117d08d7083</message>
</record>
<record>
  <date>2023-03-05T15:27:24.912972400Z</date>
  <millis>1678030044912</millis>
  <nanos>972400</nanos>
  <sequence>470</sequence>
  <logger>ResivoJe</logger>
  <level>WARNING</level>
  <class>Presidente.TransactionApi.Functions</class>
  <method>createLog</method>
  <thread>1688</thread>
  <message>Processing NumberFormatException e:nulltransactionId: 51c1d6e3-ff60-448b-bbb7-4117d08d7083</message>
</record>
