<?xml version="1.0" encoding="UTF-8" standalone="no"?>
<!DOCTYPE log SYSTEM "logger.dtd">
<log>
<record>
  <date>2023-03-05T13:20:33.643311400Z</date>
  <millis>1678022433643</millis>
  <nanos>311400</nanos>
  <sequence>222</sequence>
  <logger>ResivoJe</logger>
  <level>WARNING</level>
  <class>Presidente.TransactionApi.Functions</class>
  <method>createLog</method>
  <thread>1090</thread>
  <message>Processing NumberFormatException e:nulltransactionId: 285960da-382b-437d-837d-1c6c8e35fc6f</message>
</record>
<record>
  <date>2023-03-05T13:20:34.111778Z</date>
  <millis>1678022434111</millis>
  <nanos>778000</nanos>
  <sequence>223</sequence>
  <logger>ResivoJe</logger>
  <level>WARNING</level>
  <class>Presidente.TransactionApi.Functions</class>
  <method>createLog</method>
  <thread>1091</thread>
  <message>Processing NumberFormatException e:nulltransactionId: 285960da-382b-437d-837d-1c6c8e35fc6f</message>
</record>
