<?xml version="1.0" encoding="UTF-8" standalone="no"?>
<!DOCTYPE log SYSTEM "logger.dtd">
<log>
<record>
  <date>2023-03-05T15:50:21.487344900Z</date>
  <millis>1678031421487</millis>
  <nanos>344900</nanos>
  <sequence>603</sequence>
  <logger>ResivoJe</logger>
  <level>WARNING</level>
  <class>Presidente.TransactionApi.Functions</class>
  <method>createLog</method>
  <thread>1896</thread>
  <message>Processing NumberFormatException e:nulltransactionId: e1e805e4-3559-4f78-8c71-ebb704e4593c</message>
</record>
<record>
  <date>2023-03-05T15:50:22.532486500Z</date>
  <millis>1678031422532</millis>
  <nanos>486500</nanos>
  <sequence>604</sequence>
  <logger>ResivoJe</logger>
  <level>WARNING</level>
  <class>Presidente.TransactionApi.Functions</class>
  <method>createLog</method>
  <thread>1897</thread>
  <message>Processing NumberFormatException e:nulltransactionId: e1e805e4-3559-4f78-8c71-ebb704e4593c</message>
</record>
