<?xml version="1.0" encoding="UTF-8" standalone="no"?>
<!DOCTYPE log SYSTEM "logger.dtd">
<log>
<record>
  <date>2021-11-11T18:34:41.742722700Z</date>
  <millis>1636655681742</millis>
  <nanos>722700</nanos>
  <sequence>0</sequence>
  <logger>ResivoJe</logger>
  <level>WARNING</level>
  <class>Presidente.TransactionApi.Functions</class>
  <method>createLog</method>
  <thread>1</thread>
  <message></message>
</record>
<record>
  <date>2021-11-11T18:35:11.941895100Z</date>
  <millis>1636655711941</millis>
  <nanos>895100</nanos>
  <sequence>1</sequence>
  <logger>ResivoJe</logger>
  <level>WARNING</level>
  <class>Presidente.TransactionApi.Functions</class>
  <method>createLog</method>
  <thread>17</thread>
  <message></message>
</record>
