<?xml version="1.0" encoding="UTF-8" standalone="no"?>
<!DOCTYPE log SYSTEM "logger.dtd">
<log>
<record>
  <date>2023-02-12T23:11:54.784335300Z</date>
  <millis>1676243514784</millis>
  <nanos>335300</nanos>
  <sequence>159</sequence>
  <logger>ResivoJe</logger>
  <level>WARNING</level>
  <class>Presidente.TransactionApi.Functions</class>
  <method>createLog</method>
  <thread>40592</thread>
  <message>sendTransactionWithStatus0 SQLException | SecurityException | IOException eFunkcija sendTransactionWithStatus0 nije uspešno izvršena Transaction id: 81a3ba2d-e648-4b12-9d9a-0139cb7921fa  Transaction path: slot/depositTransaction body : {"transaction_id":"81a3ba2d-e648-4b12-9d9a-0139cb7921fa","slot_club_id":"08","transaction_amount":10000,"transaction_time":"2023-02-08T10:39:37.180916+01:00","transaction_type":"1","sticker_no":"019877"}Greska :org.postgresql.util.PSQLException: The connection attempt failed.</message>
</record>
<record>
  <date>2023-02-12T23:11:54.784335300Z</date>
  <millis>1676243514784</millis>
  <nanos>335300</nanos>
  <sequence>160</sequence>
  <logger>ResivoJe</logger>
  <level>WARNING</level>
  <class>Presidente.TransactionApi.Functions</class>
  <method>createLog</method>
  <thread>2116</thread>
  <message>sendTransactionWithStatus0 SQLException | SecurityException | IOException eFunkcija sendTransactionWithStatus0 nije uspešno izvršena Transaction id: 81a3ba2d-e648-4b12-9d9a-0139cb7921fa  Transaction path: slot/depositTransaction body : {"transaction_id":"81a3ba2d-e648-4b12-9d9a-0139cb7921fa","slot_club_id":"08","transaction_amount":10000,"transaction_time":"2023-02-08T10:39:37.180916+01:00","transaction_type":"1","sticker_no":"019877"}Greska :org.postgresql.util.PSQLException: The connection attempt failed.</message>
</record>
