<?xml version="1.0" encoding="UTF-8" standalone="no"?>
<!DOCTYPE log SYSTEM "logger.dtd">
<log>
<record>
  <date>2023-01-08T22:02:47.452929500Z</date>
  <millis>1673215367452</millis>
  <nanos>929500</nanos>
  <sequence>261</sequence>
  <logger>ResivoJe</logger>
  <level>WARNING</level>
  <class>Presidente.TransactionApi.Functions</class>
  <method>createLog</method>
  <thread>39266</thread>
  <message>Connect to api.uis.gov.rs:443 [api.uis.gov.rs/195.222.99.209] failed: Connection timed out: connect</message>
</record>
<record>
  <date>2023-01-08T22:02:49.391720400Z</date>
  <millis>1673215369391</millis>
  <nanos>720400</nanos>
  <sequence>262</sequence>
  <logger>ResivoJe</logger>
  <level>WARNING</level>
  <class>Presidente.TransactionApi.Functions</class>
  <method>createLog</method>
  <thread>39267</thread>
  <message>Connect to api.uis.gov.rs:443 [api.uis.gov.rs/195.222.99.209] failed: Connection timed out: connect</message>
</record>
<record>
  <date>2023-01-08T22:02:49.448452500Z</date>
  <millis>1673215369448</millis>
  <nanos>452500</nanos>
  <sequence>263</sequence>
  <logger>ResivoJe</logger>
  <level>WARNING</level>
  <class>Presidente.TransactionApi.Functions</class>
  <method>createLog</method>
  <thread>38233</thread>
  <message>Funkcija sendTransactionWithStatus0 nije uspešno izvršena Transaction id: 3eb6a0d9-cd6e-4dbe-bbc3-ffc66f3b6b0f  Transaction path: slot/depositTransaction body : {"transaction_id":"3eb6a0d9-cd6e-4dbe-bbc3-ffc66f3b6b0f","slot_club_id":"0127000015","transaction_amount":500,"transaction_time":"2023-01-08T23:02:33+01:00","transaction_type":"1","sticker_no":"021333"}Greska :org.postgresql.util.PSQLException: The connection attempt failed.</message>
</record>
<record>
  <date>2023-01-08T22:02:49.448452500Z</date>
  <millis>1673215369448</millis>
  <nanos>452500</nanos>
  <sequence>264</sequence>
  <logger>ResivoJe</logger>
  <level>WARNING</level>
  <class>Presidente.TransactionApi.Functions</class>
  <method>createLog</method>
  <thread>37167</thread>
  <message>Funkcija sendTransactionWithStatus0 nije uspešno izvršena Transaction id: 3eb6a0d9-cd6e-4dbe-bbc3-ffc66f3b6b0f  Transaction path: slot/depositTransaction body : {"transaction_id":"3eb6a0d9-cd6e-4dbe-bbc3-ffc66f3b6b0f","slot_club_id":"0127000015","transaction_amount":500,"transaction_time":"2023-01-08T23:02:33+01:00","transaction_type":"1","sticker_no":"021333"}Greska :org.postgresql.util.PSQLException: The connection attempt failed.</message>
</record>
<record>
  <date>2023-01-08T22:02:49.730427900Z</date>
  <millis>1673215369730</millis>
  <nanos>427900</nanos>
  <sequence>265</sequence>
  <logger>ResivoJe</logger>
  <level>WARNING</level>
  <class>Presidente.TransactionApi.Functions</class>
  <method>createLog</method>
  <thread>39268</thread>
  <message>Connect to api.uis.gov.rs:443 [api.uis.gov.rs/195.222.99.209] failed: Connection timed out: connect</message>
</record>
<record>
  <date>2023-01-08T22:02:53.618442500Z</date>
  <millis>1673215373618</millis>
  <nanos>442500</nanos>
  <sequence>266</sequence>
  <logger>ResivoJe</logger>
  <level>WARNING</level>
  <class>Presidente.TransactionApi.Functions</class>
  <method>createLog</method>
  <thread>39270</thread>
  <message>Connect to api.uis.gov.rs:443 [api.uis.gov.rs/195.222.99.209] failed: Connection timed out: connect</message>
</record>
