<?xml version="1.0" encoding="UTF-8" standalone="no"?>
<!DOCTYPE log SYSTEM "logger.dtd">
<log>
<record>
  <date>2023-03-02T19:35:50.186253300Z</date>
  <millis>1677785750186</millis>
  <nanos>253300</nanos>
  <sequence>37</sequence>
  <logger>ResivoJe</logger>
  <level>WARNING</level>
  <class>Presidente.TransactionApi.Functions</class>
  <method>createLog</method>
  <thread>450</thread>
  <message>sendTransactionWithStatus0 SQLException | SecurityException | IOException eFunkcija sendTransactionWithStatus0 nije uspešno izvršena Transaction id: 6f1ff1e6-3db1-47ab-9d94-109266decedc  Transaction path: slot/withdrawTransaction body : {"transaction_id":"6f1ff1e6-3db1-47ab-9d94-109266decedc","slot_club_id":"0127000018","transaction_amount":275.25,"transaction_time":"2023-03-02T20:35:45.875211+01:00","transaction_type":"0","sticker_no":"029905"}Greska :org.postgresql.util.PSQLException: The connection attempt failed.</message>
</record>
<record>
  <date>2023-03-02T19:38:44.445786500Z</date>
  <millis>1677785924445</millis>
  <nanos>786500</nanos>
  <sequence>38</sequence>
  <logger>ResivoJe</logger>
  <level>WARNING</level>
  <class>Presidente.TransactionApi.Functions</class>
  <method>createLog</method>
  <thread>453</thread>
  <message>Processing IOException e:Connect to api.uis.gov.rs:443 [api.uis.gov.rs/195.222.99.209] failed: Connection timed out: connecttransactionId: 5be49947-8dff-4e16-b025-4a988b60337d</message>
</record>
