<?xml version="1.0" encoding="UTF-8" standalone="no"?>
<!DOCTYPE log SYSTEM "logger.dtd">
<log>
<record>
  <date>2023-02-12T20:13:12.206454300Z</date>
  <millis>1676232792206</millis>
  <nanos>454300</nanos>
  <sequence>60</sequence>
  <logger>ResivoJe</logger>
  <level>WARNING</level>
  <class>Presidente.TransactionApi.Functions</class>
  <method>createLog</method>
  <thread>31075</thread>
  <message>Processing IOException e:Connect to api.uis.gov.rs:443 [api.uis.gov.rs/195.222.99.209] failed: Connection timed out: connecttransactionId: e6dba273-25fa-4438-8a33-d2bd836dd4c7</message>
</record>
<record>
  <date>2023-02-12T20:13:12.264144600Z</date>
  <millis>1676232792264</millis>
  <nanos>144600</nanos>
  <sequence>61</sequence>
  <logger>ResivoJe</logger>
  <level>WARNING</level>
  <class>Presidente.TransactionApi.Functions</class>
  <method>createLog</method>
  <thread>31076</thread>
  <message>Processing IOException e:Connect to api.uis.gov.rs:443 [api.uis.gov.rs/195.222.99.209] failed: Connection timed out: connecttransactionId: e6dba273-25fa-4438-8a33-d2bd836dd4c7</message>
</record>
