<?xml version="1.0" encoding="UTF-8" standalone="no"?>
<!DOCTYPE log SYSTEM "logger.dtd">
<log>
<record>
  <date>2023-03-05T15:48:05.134033900Z</date>
  <millis>1678031285134</millis>
  <nanos>33900</nanos>
  <sequence>583</sequence>
  <logger>ResivoJe</logger>
  <level>WARNING</level>
  <class>Presidente.TransactionApi.Functions</class>
  <method>createLog</method>
  <thread>1865</thread>
  <message>Processing NumberFormatException e:nulltransactionId: e1e805e4-3559-4f78-8c71-ebb704e4593c</message>
</record>
<record>
  <date>2023-03-05T15:48:07.108888600Z</date>
  <millis>1678031287108</millis>
  <nanos>888600</nanos>
  <sequence>584</sequence>
  <logger>ResivoJe</logger>
  <level>WARNING</level>
  <class>Presidente.TransactionApi.Functions</class>
  <method>createLog</method>
  <thread>1866</thread>
  <message>Processing NumberFormatException e:nulltransactionId: e1e805e4-3559-4f78-8c71-ebb704e4593c</message>
</record>
