<?xml version="1.0" encoding="UTF-8" standalone="no"?>
<!DOCTYPE log SYSTEM "logger.dtd">
<log>
<record>
  <date>2023-01-08T22:17:40.962754800Z</date>
  <millis>1673216260962</millis>
  <nanos>754800</nanos>
  <sequence>272</sequence>
  <logger>ResivoJe</logger>
  <level>WARNING</level>
  <class>Presidente.TransactionApi.Functions</class>
  <method>createLog</method>
  <thread>5363</thread>
  <message>Funkcija sendTransactionWithStatus0 nije uspešno izvršena Transaction id: 36729329-8221-428f-9ba8-6c440049be9b  Transaction path: slot/depositTransaction body : {"transaction_id":"36729329-8221-428f-9ba8-6c440049be9b","slot_club_id":"01","transaction_amount":1000,"transaction_time":"2023-01-06T01:39:41+01:00","transaction_type":"1","sticker_no":"019994"}Greska :org.postgresql.util.PSQLException: The connection attempt failed.</message>
</record>
<record>
  <date>2023-01-08T22:17:40.962754800Z</date>
  <millis>1673216260962</millis>
  <nanos>754800</nanos>
  <sequence>273</sequence>
  <logger>ResivoJe</logger>
  <level>WARNING</level>
  <class>Presidente.TransactionApi.Functions</class>
  <method>createLog</method>
  <thread>39269</thread>
  <message>Funkcija sendTransactionWithStatus0 nije uspešno izvršena Transaction id: 36729329-8221-428f-9ba8-6c440049be9b  Transaction path: slot/depositTransaction body : {"transaction_id":"36729329-8221-428f-9ba8-6c440049be9b","slot_club_id":"01","transaction_amount":1000,"transaction_time":"2023-01-06T01:39:41+01:00","transaction_type":"1","sticker_no":"019994"}Greska :org.postgresql.util.PSQLException: The connection attempt failed.</message>
</record>
