<?xml version="1.0" encoding="UTF-8" standalone="no"?>
<!DOCTYPE log SYSTEM "logger.dtd">
<log>
<record>
  <date>2023-03-02T18:55:59.617251900Z</date>
  <millis>1677783359617</millis>
  <nanos>251900</nanos>
  <sequence>12</sequence>
  <logger>ResivoJe</logger>
  <level>WARNING</level>
  <class>Presidente.TransactionApi.Functions</class>
  <method>createLog</method>
  <thread>226</thread>
  <message>sendTransactionWithStatus0 SQLException | SecurityException | IOException eFunkcija sendTransactionWithStatus0 nije uspešno izvršena Transaction id: 04bb3169-6dc6-44c7-9201-67ed1e4ed519  Transaction path: slot/depositTransaction body : {"transaction_id":"04bb3169-6dc6-44c7-9201-67ed1e4ed519","slot_club_id":"04","transaction_amount":6000,"transaction_time":"2023-02-18T20:33:40+01:00","transaction_type":"1","sticker_no":"019925"}Greska :org.postgresql.util.PSQLException: The connection attempt failed.</message>
</record>
<record>
  <date>2023-03-02T18:56:12.184142100Z</date>
  <millis>1677783372184</millis>
  <nanos>142100</nanos>
  <sequence>13</sequence>
  <logger>ResivoJe</logger>
  <level>WARNING</level>
  <class>Presidente.TransactionApi.Functions</class>
  <method>createLog</method>
  <thread>223</thread>
  <message>sendTransactionWithStatus0 SQLException | SecurityException | IOException eFunkcija sendTransactionWithStatus0 nije uspešno izvršena Transaction id: 2bb3e17b-dea6-49f6-8c86-b73168c3ba6a  Transaction path: slot/depositTransaction body : {"transaction_id":"2bb3e17b-dea6-49f6-8c86-b73168c3ba6a","slot_club_id":"0127000008","transaction_amount":1000,"transaction_time":"2023-03-02T19:56:03+01:00","transaction_type":"1","sticker_no":"019985"}Greska :org.postgresql.util.PSQLException: The connection attempt failed.</message>
</record>
<record>
  <date>2023-03-02T18:57:59.742395700Z</date>
  <millis>1677783479742</millis>
  <nanos>395700</nanos>
  <sequence>14</sequence>
  <logger>ResivoJe</logger>
  <level>WARNING</level>
  <class>Presidente.TransactionApi.Functions</class>
  <method>createLog</method>
  <thread>228</thread>
  <message>Processing IOException e:Connect to api.uis.gov.rs:443 [api.uis.gov.rs/195.222.99.209] failed: Connection timed out: connecttransactionId: b054a487-abb9-4f45-944e-8e4eb23a9a89</message>
</record>
