<?xml version="1.0" encoding="UTF-8" standalone="no"?>
<!DOCTYPE log SYSTEM "logger.dtd">
<log>
<record>
  <date>2023-01-10T10:26:03.871716100Z</date>
  <millis>1673346363871</millis>
  <nanos>716100</nanos>
  <sequence>67</sequence>
  <logger>ResivoJe</logger>
  <level>WARNING</level>
  <class>Presidente.TransactionApi.Functions</class>
  <method>createLog</method>
  <thread>29882</thread>
  <message>Funkcija sendTransactionWithStatus0 nije uspešno izvršena Transaction id: d140a27a-2adb-45e8-a07f-947b159625ba  Transaction path: slot/depositTransaction body : {"transaction_id":"d140a27a-2adb-45e8-a07f-947b159625ba","slot_club_id":"12","transaction_amount":1000,"transaction_time":"2023-01-09T19:05:34+01:00","transaction_type":"1","sticker_no":"020031"}Greska :org.postgresql.util.PSQLException: The connection attempt failed.</message>
</record>
<record>
  <date>2023-01-10T10:26:12.355553300Z</date>
  <millis>1673346372355</millis>
  <nanos>553300</nanos>
  <sequence>68</sequence>
  <logger>ResivoJe</logger>
  <level>WARNING</level>
  <class>Presidente.TransactionApi.Functions</class>
  <method>createLog</method>
  <thread>40291</thread>
  <message>Funkcija sendTransactionWithStatus0 nije uspešno izvršena Transaction id: 29115bca-8dbe-4f3a-960f-d49dfc3c452e  Transaction path: slot/depositTransaction body : {"transaction_id":"29115bca-8dbe-4f3a-960f-d49dfc3c452e","slot_club_id":"09","transaction_amount":1000,"transaction_time":"2023-01-09T19:05:44+01:00","transaction_type":"1","sticker_no":"019959"}Greska :org.postgresql.util.PSQLException: The connection attempt failed.</message>
</record>
