<?xml version="1.0" encoding="UTF-8" standalone="no"?>
<!DOCTYPE log SYSTEM "logger.dtd">
<log>
<record>
  <date>2023-01-10T15:37:47.982724Z</date>
  <millis>1673365067982</millis>
  <nanos>724000</nanos>
  <sequence>150</sequence>
  <logger>ResivoJe</logger>
  <level>WARNING</level>
  <class>Presidente.TransactionApi.Functions</class>
  <method>createLog</method>
  <thread>82340</thread>
  <message>Funkcija sendTransactionWithStatus0 nije uspešno izvršena Transaction id: 2c997cb3-3e4c-4069-8654-1ca76bfe5423  Transaction path: slot/depositTransaction body : {"transaction_id":"2c997cb3-3e4c-4069-8654-1ca76bfe5423","slot_club_id":"07","transaction_amount":1000,"transaction_time":"2023-01-10T11:35:31+01:00","transaction_type":"1","sticker_no":"021771"}Greska :org.postgresql.util.PSQLException: The connection attempt failed.</message>
</record>
<record>
  <date>2023-01-10T15:38:26.893287600Z</date>
  <millis>1673365106893</millis>
  <nanos>287600</nanos>
  <sequence>151</sequence>
  <logger>ResivoJe</logger>
  <level>WARNING</level>
  <class>Presidente.TransactionApi.Functions</class>
  <method>createLog</method>
  <thread>80969</thread>
  <message>Funkcija sendTransactionWithStatus0 nije uspešno izvršena Transaction id: fcd5b9cb-e1ef-4d86-baf0-fc842b6f2972  Transaction path: slot/depositTransaction body : {"transaction_id":"fcd5b9cb-e1ef-4d86-baf0-fc842b6f2972","slot_club_id":"08","transaction_amount":1000,"transaction_time":"2023-01-10T11:53:59.242452+01:00","transaction_type":"1","sticker_no":"019932"}Greska :org.postgresql.util.PSQLException: The connection attempt failed.</message>
</record>
