<?xml version="1.0" encoding="UTF-8" standalone="no"?>
<!DOCTYPE log SYSTEM "logger.dtd">
<log>
<record>
  <date>2023-01-09T01:39:39.070635400Z</date>
  <millis>1673228379070</millis>
  <nanos>635400</nanos>
  <sequence>334</sequence>
  <logger>ResivoJe</logger>
  <level>WARNING</level>
  <class>Presidente.TransactionApi.Functions</class>
  <method>createLog</method>
  <thread>53563</thread>
  <message>Funkcija sendTransactionWithStatus0 nije uspešno izvršena Transaction id: 9324ebf7-6820-4c26-ab69-2b01659858f3  Transaction path: slot/withdrawTransaction body : {"transaction_id":"9324ebf7-6820-4c26-ab69-2b01659858f3","slot_club_id":"13","transaction_amount":2512,"transaction_time":"2023-01-06T10:32:19+01:00","transaction_type":"2","sticker_no":"019857"}Greska :org.postgresql.util.PSQLException: The connection attempt failed.</message>
</record>
<record>
  <date>2023-01-09T01:39:39.070635400Z</date>
  <millis>1673228379070</millis>
  <nanos>635400</nanos>
  <sequence>335</sequence>
  <logger>ResivoJe</logger>
  <level>WARNING</level>
  <class>Presidente.TransactionApi.Functions</class>
  <method>createLog</method>
  <thread>52487</thread>
  <message>Funkcija sendTransactionWithStatus0 nije uspešno izvršena Transaction id: 9324ebf7-6820-4c26-ab69-2b01659858f3  Transaction path: slot/withdrawTransaction body : {"transaction_id":"9324ebf7-6820-4c26-ab69-2b01659858f3","slot_club_id":"13","transaction_amount":2512,"transaction_time":"2023-01-06T10:32:19+01:00","transaction_type":"2","sticker_no":"019857"}Greska :org.postgresql.util.PSQLException: The connection attempt failed.</message>
</record>
