<?xml version="1.0" encoding="UTF-8" standalone="no"?>
<!DOCTYPE log SYSTEM "logger.dtd">
<log>
<record>
  <date>2023-01-24T21:25:35.425732700Z</date>
  <millis>1674595535425</millis>
  <nanos>732700</nanos>
  <sequence>106</sequence>
  <logger>ResivoJe</logger>
  <level>WARNING</level>
  <class>Presidente.TransactionApi.Functions</class>
  <method>createLog</method>
  <thread>18729</thread>
  <message>Processing IOException e:Connect to api.uis.gov.rs:443 [api.uis.gov.rs/195.222.99.209] failed: Connection timed out: connect</message>
</record>
<record>
  <date>2023-01-24T21:25:35.474561Z</date>
  <millis>1674595535474</millis>
  <nanos>561000</nanos>
  <sequence>107</sequence>
  <logger>ResivoJe</logger>
  <level>WARNING</level>
  <class>Presidente.TransactionApi.Functions</class>
  <method>createLog</method>
  <thread>18730</thread>
  <message>Processing IOException e:Connect to api.uis.gov.rs:443 [api.uis.gov.rs/195.222.99.209] failed: Connection timed out: connect</message>
</record>
