<?xml version="1.0" encoding="UTF-8" standalone="no"?>
<!DOCTYPE log SYSTEM "logger.dtd">
<log>
<record>
  <date>2023-02-12T21:22:14.692078200Z</date>
  <millis>1676236934692</millis>
  <nanos>78200</nanos>
  <sequence>123</sequence>
  <logger>ResivoJe</logger>
  <level>WARNING</level>
  <class>Presidente.TransactionApi.Functions</class>
  <method>createLog</method>
  <thread>5183</thread>
  <message>sendTransactionWithStatus0 SQLException | SecurityException | IOException eFunkcija sendTransactionWithStatus0 nije uspešno izvršena Transaction id: f7c129c8-777b-4e1b-81fe-8fbd2c80e648  Transaction path: slot/depositTransaction body : {"transaction_id":"f7c129c8-777b-4e1b-81fe-8fbd2c80e648","slot_club_id":"01","transaction_amount":500,"transaction_time":"2023-02-08T02:24:15+01:00","transaction_type":"1","sticker_no":"019995"}Greska :org.postgresql.util.PSQLException: The connection attempt failed.</message>
</record>
<record>
  <date>2023-02-12T21:22:14.692078200Z</date>
  <millis>1676236934692</millis>
  <nanos>78200</nanos>
  <sequence>124</sequence>
  <logger>ResivoJe</logger>
  <level>WARNING</level>
  <class>Presidente.TransactionApi.Functions</class>
  <method>createLog</method>
  <thread>19450</thread>
  <message>sendTransactionWithStatus0 SQLException | SecurityException | IOException eFunkcija sendTransactionWithStatus0 nije uspešno izvršena Transaction id: f7c129c8-777b-4e1b-81fe-8fbd2c80e648  Transaction path: slot/depositTransaction body : {"transaction_id":"f7c129c8-777b-4e1b-81fe-8fbd2c80e648","slot_club_id":"01","transaction_amount":500,"transaction_time":"2023-02-08T02:24:15+01:00","transaction_type":"1","sticker_no":"019995"}Greska :org.postgresql.util.PSQLException: The connection attempt failed.</message>
</record>
