<?xml version="1.0" encoding="UTF-8" standalone="no"?>
<!DOCTYPE log SYSTEM "logger.dtd">
<log>
<record>
  <date>2023-03-05T13:22:36.361440700Z</date>
  <millis>1678022556361</millis>
  <nanos>440700</nanos>
  <sequence>234</sequence>
  <logger>ResivoJe</logger>
  <level>WARNING</level>
  <class>Presidente.TransactionApi.Functions</class>
  <method>createLog</method>
  <thread>1111</thread>
  <message>Processing NumberFormatException e:nulltransactionId: 285960da-382b-437d-837d-1c6c8e35fc6f</message>
</record>
<record>
  <date>2023-03-05T13:22:36.863065400Z</date>
  <millis>1678022556863</millis>
  <nanos>65400</nanos>
  <sequence>235</sequence>
  <logger>ResivoJe</logger>
  <level>WARNING</level>
  <class>Presidente.TransactionApi.Functions</class>
  <method>createLog</method>
  <thread>1112</thread>
  <message>Processing NumberFormatException e:nulltransactionId: 285960da-382b-437d-837d-1c6c8e35fc6f</message>
</record>
