<?xml version="1.0" encoding="UTF-8" standalone="no"?>
<!DOCTYPE log SYSTEM "logger.dtd">
<log>
<record>
  <date>2023-02-12T21:40:18.636903900Z</date>
  <millis>1676238018636</millis>
  <nanos>903900</nanos>
  <sequence>125</sequence>
  <logger>ResivoJe</logger>
  <level>WARNING</level>
  <class>Presidente.TransactionApi.Functions</class>
  <method>createLog</method>
  <thread>34551</thread>
  <message>sendTransactionWithStatus0 SQLException | SecurityException | IOException eFunkcija sendTransactionWithStatus0 nije uspešno izvršena Transaction id: 93584ee9-c8e6-4e55-b8d8-89fd040e22b4  Transaction path: slot/withdrawTransaction body : {"transaction_id":"93584ee9-c8e6-4e55-b8d8-89fd040e22b4","slot_club_id":"01","transaction_amount":2000,"transaction_time":"2023-02-08T03:40:47+01:00","transaction_type":"2","sticker_no":"019995"}Greska :org.postgresql.util.PSQLException: The connection attempt failed.</message>
</record>
<record>
  <date>2023-02-12T21:40:18.637918800Z</date>
  <millis>1676238018637</millis>
  <nanos>918800</nanos>
  <sequence>126</sequence>
  <logger>ResivoJe</logger>
  <level>WARNING</level>
  <class>Presidente.TransactionApi.Functions</class>
  <method>createLog</method>
  <thread>18903</thread>
  <message>sendTransactionWithStatus0 SQLException | SecurityException | IOException eFunkcija sendTransactionWithStatus0 nije uspešno izvršena Transaction id: 93584ee9-c8e6-4e55-b8d8-89fd040e22b4  Transaction path: slot/withdrawTransaction body : {"transaction_id":"93584ee9-c8e6-4e55-b8d8-89fd040e22b4","slot_club_id":"01","transaction_amount":2000,"transaction_time":"2023-02-08T03:40:47+01:00","transaction_type":"2","sticker_no":"019995"}Greska :org.postgresql.util.PSQLException: The connection attempt failed.</message>
</record>
