<?xml version="1.0" encoding="UTF-8" standalone="no"?>
<!DOCTYPE log SYSTEM "logger.dtd">
<log>
<record>
  <date>2023-02-11T20:45:16.017905900Z</date>
  <millis>1676148316017</millis>
  <nanos>905900</nanos>
  <sequence>95</sequence>
  <logger>ResivoJe</logger>
  <level>WARNING</level>
  <class>Presidente.TransactionApi.Functions</class>
  <method>createLog</method>
  <thread>9968</thread>
  <message>Processing IOException e:Connect to api.uis.gov.rs:443 [api.uis.gov.rs/195.222.99.209] failed: Connection timed out: connecttransactionId: 7392f462-a4c9-41f4-84f6-990c93c581b0</message>
</record>
<record>
  <date>2023-02-11T20:45:16.393473800Z</date>
  <millis>1676148316393</millis>
  <nanos>473800</nanos>
  <sequence>96</sequence>
  <logger>ResivoJe</logger>
  <level>WARNING</level>
  <class>Presidente.TransactionApi.Functions</class>
  <method>createLog</method>
  <thread>9969</thread>
  <message>Processing IOException e:Connect to api.uis.gov.rs:443 [api.uis.gov.rs/195.222.99.209] failed: Connection timed out: connecttransactionId: 7392f462-a4c9-41f4-84f6-990c93c581b0</message>
</record>
<record>
  <date>2023-02-11T20:45:16.486471300Z</date>
  <millis>1676148316486</millis>
  <nanos>471300</nanos>
  <sequence>97</sequence>
  <logger>ResivoJe</logger>
  <level>WARNING</level>
  <class>Presidente.TransactionApi.Functions</class>
  <method>createLog</method>
  <thread>9970</thread>
  <message>Processing IOException e:Connect to api.uis.gov.rs:443 [api.uis.gov.rs/195.222.99.209] failed: Connection timed out: connecttransactionId: 7392f462-a4c9-41f4-84f6-990c93c581b0</message>
</record>
