<?xml version="1.0" encoding="UTF-8" standalone="no"?>
<!DOCTYPE log SYSTEM "logger.dtd">
<log>
<record>
  <date>2023-02-12T23:24:09.400893100Z</date>
  <millis>1676244249400</millis>
  <nanos>893100</nanos>
  <sequence>165</sequence>
  <logger>ResivoJe</logger>
  <level>WARNING</level>
  <class>Presidente.TransactionApi.Functions</class>
  <method>createLog</method>
  <thread>21062</thread>
  <message>sendTransactionWithStatus0 SQLException | SecurityException | IOException eFunkcija sendTransactionWithStatus0 nije uspešno izvršena Transaction id: 59c8643a-f8ae-4086-a822-c947d5b4af59  Transaction path: slot/depositTransaction body : {"transaction_id":"59c8643a-f8ae-4086-a822-c947d5b4af59","slot_club_id":"14","transaction_amount":200,"transaction_time":"2023-02-08T10:39:38.58964+01:00","transaction_type":"1","sticker_no":"017713"}Greska :org.postgresql.util.PSQLException: The connection attempt failed.</message>
</record>
<record>
  <date>2023-02-12T23:24:09.400893100Z</date>
  <millis>1676244249400</millis>
  <nanos>893100</nanos>
  <sequence>166</sequence>
  <logger>ResivoJe</logger>
  <level>WARNING</level>
  <class>Presidente.TransactionApi.Functions</class>
  <method>createLog</method>
  <thread>36576</thread>
  <message>sendTransactionWithStatus0 SQLException | SecurityException | IOException eFunkcija sendTransactionWithStatus0 nije uspešno izvršena Transaction id: 59c8643a-f8ae-4086-a822-c947d5b4af59  Transaction path: slot/depositTransaction body : {"transaction_id":"59c8643a-f8ae-4086-a822-c947d5b4af59","slot_club_id":"14","transaction_amount":200,"transaction_time":"2023-02-08T10:39:38.58964+01:00","transaction_type":"1","sticker_no":"017713"}Greska :org.postgresql.util.PSQLException: The connection attempt failed.</message>
</record>
