<?xml version="1.0" encoding="UTF-8" standalone="no"?>
<!DOCTYPE log SYSTEM "logger.dtd">
<log>
<record>
  <date>2023-02-12T21:56:22.384237400Z</date>
  <millis>1676238982384</millis>
  <nanos>237400</nanos>
  <sequence>135</sequence>
  <logger>ResivoJe</logger>
  <level>WARNING</level>
  <class>Presidente.TransactionApi.Functions</class>
  <method>createLog</method>
  <thread>23705</thread>
  <message>sendTransactionWithStatus0 SQLException | SecurityException | IOException eFunkcija sendTransactionWithStatus0 nije uspešno izvršena Transaction id: d93af722-e814-4c55-a805-a275822d93fd  Transaction path: slot/withdrawTransaction body : {"transaction_id":"d93af722-e814-4c55-a805-a275822d93fd","slot_club_id":"09","transaction_amount":3.7,"transaction_time":"2023-02-08T08:36:50+01:00","transaction_type":"2","sticker_no":"029908"}Greska :org.postgresql.util.PSQLException: The connection attempt failed.</message>
</record>
<record>
  <date>2023-02-12T21:56:22.384237400Z</date>
  <millis>1676238982384</millis>
  <nanos>237400</nanos>
  <sequence>136</sequence>
  <logger>ResivoJe</logger>
  <level>WARNING</level>
  <class>Presidente.TransactionApi.Functions</class>
  <method>createLog</method>
  <thread>10036</thread>
  <message>sendTransactionWithStatus0 SQLException | SecurityException | IOException eFunkcija sendTransactionWithStatus0 nije uspešno izvršena Transaction id: d93af722-e814-4c55-a805-a275822d93fd  Transaction path: slot/withdrawTransaction body : {"transaction_id":"d93af722-e814-4c55-a805-a275822d93fd","slot_club_id":"09","transaction_amount":3.7,"transaction_time":"2023-02-08T08:36:50+01:00","transaction_type":"2","sticker_no":"029908"}Greska :org.postgresql.util.PSQLException: The connection attempt failed.</message>
</record>
