<?xml version="1.0" encoding="UTF-8" standalone="no"?>
<!DOCTYPE log SYSTEM "logger.dtd">
<log>
<record>
  <date>2023-02-11T20:45:13.598883500Z</date>
  <millis>1676148313598</millis>
  <nanos>883500</nanos>
  <sequence>92</sequence>
  <logger>ResivoJe</logger>
  <level>WARNING</level>
  <class>Presidente.TransactionApi.Functions</class>
  <method>createLog</method>
  <thread>9965</thread>
  <message>Processing IOException e:Connect to api.uis.gov.rs:443 [api.uis.gov.rs/195.222.99.209] failed: Connection timed out: connecttransactionId: b837e58d-6cc2-4f8e-8bc4-e96b6fbc4101</message>
</record>
<record>
  <date>2023-02-11T20:45:13.917422400Z</date>
  <millis>1676148313917</millis>
  <nanos>422400</nanos>
  <sequence>93</sequence>
  <logger>ResivoJe</logger>
  <level>WARNING</level>
  <class>Presidente.TransactionApi.Functions</class>
  <method>createLog</method>
  <thread>9966</thread>
  <message>Processing IOException e:Connect to api.uis.gov.rs:443 [api.uis.gov.rs/195.222.99.209] failed: Connection timed out: connecttransactionId: b837e58d-6cc2-4f8e-8bc4-e96b6fbc4101</message>
</record>
