<?xml version="1.0" encoding="UTF-8" standalone="no"?>
<!DOCTYPE log SYSTEM "logger.dtd">
<log>
<record>
  <date>2023-01-14T20:25:54.674766Z</date>
  <millis>1673727954674</millis>
  <nanos>766000</nanos>
  <sequence>183</sequence>
  <logger>ResivoJe</logger>
  <level>WARNING</level>
  <class>Presidente.TransactionApi.Functions</class>
  <method>createLog</method>
  <thread>28591</thread>
  <message>Connect to api.uis.gov.rs:443 [api.uis.gov.rs/195.222.99.209] failed: Connection timed out: connect</message>
</record>
<record>
  <date>2023-01-14T20:25:54.865504600Z</date>
  <millis>1673727954865</millis>
  <nanos>504600</nanos>
  <sequence>184</sequence>
  <logger>ResivoJe</logger>
  <level>WARNING</level>
  <class>Presidente.TransactionApi.Functions</class>
  <method>createLog</method>
  <thread>28592</thread>
  <message>Connect to api.uis.gov.rs:443 [api.uis.gov.rs/195.222.99.209] failed: Connection timed out: connect</message>
</record>
