<?xml version="1.0" encoding="UTF-8" standalone="no"?>
<!DOCTYPE log SYSTEM "logger.dtd">
<log>
<record>
  <date>2023-02-12T21:06:50.981298200Z</date>
  <millis>1676236010981</millis>
  <nanos>298200</nanos>
  <sequence>121</sequence>
  <logger>ResivoJe</logger>
  <level>WARNING</level>
  <class>Presidente.TransactionApi.Functions</class>
  <method>createLog</method>
  <thread>7494</thread>
  <message>sendTransactionWithStatus0 SQLException | SecurityException | IOException eFunkcija sendTransactionWithStatus0 nije uspešno izvršena Transaction id: 7790f8a2-93ac-4c1b-8f9b-d001a3335fc8  Transaction path: slot/depositTransaction body : {"transaction_id":"7790f8a2-93ac-4c1b-8f9b-d001a3335fc8","slot_club_id":"01","transaction_amount":3000,"transaction_time":"2023-02-08T01:49:59+01:00","transaction_type":"1","sticker_no":"019994"}Greska :org.postgresql.util.PSQLException: The connection attempt failed.</message>
</record>
<record>
  <date>2023-02-12T21:06:50.981298200Z</date>
  <millis>1676236010981</millis>
  <nanos>298200</nanos>
  <sequence>122</sequence>
  <logger>ResivoJe</logger>
  <level>WARNING</level>
  <class>Presidente.TransactionApi.Functions</class>
  <method>createLog</method>
  <thread>34023</thread>
  <message>sendTransactionWithStatus0 SQLException | SecurityException | IOException eFunkcija sendTransactionWithStatus0 nije uspešno izvršena Transaction id: 7790f8a2-93ac-4c1b-8f9b-d001a3335fc8  Transaction path: slot/depositTransaction body : {"transaction_id":"7790f8a2-93ac-4c1b-8f9b-d001a3335fc8","slot_club_id":"01","transaction_amount":3000,"transaction_time":"2023-02-08T01:49:59+01:00","transaction_type":"1","sticker_no":"019994"}Greska :org.postgresql.util.PSQLException: The connection attempt failed.</message>
</record>
