<?xml version="1.0" encoding="UTF-8" standalone="no"?>
<!DOCTYPE log SYSTEM "logger.dtd">
<log>
<record>
  <date>2023-01-18T07:22:37.332358200Z</date>
  <millis>1674026557332</millis>
  <nanos>358200</nanos>
  <sequence>1</sequence>
  <logger>ResivoJe</logger>
  <level>WARNING</level>
  <class>Presidente.TransactionApi.Functions</class>
  <method>createLog</method>
  <thread>20</thread>
  <message>get_sp_cron_job_error_counter nije kako trebaConnection to 93.87.76.139:1521 refused. Check that the hostname and port are correct and that the postmaster is accepting TCP/IP connections.</message>
</record>
<record>
  <date>2023-01-18T07:22:37.361958300Z</date>
  <millis>1674026557361</millis>
  <nanos>958300</nanos>
  <sequence>2</sequence>
  <logger>ResivoJe</logger>
  <level>WARNING</level>
  <class>Presidente.TransactionApi.Functions</class>
  <method>createLog</method>
  <thread>15</thread>
  <message>Funkcija sendSlotPeriodicWithStatus0 nije uspešno izvršenaGreska :org.postgresql.util.PSQLException: Connection to 93.87.76.139:1521 refused. Check that the hostname and port are correct and that the postmaster is accepting TCP/IP connections.</message>
</record>
