<?xml version="1.0" encoding="UTF-8" standalone="no"?>
<!DOCTYPE log SYSTEM "logger.dtd">
<log>
<record>
  <date>2023-02-12T20:14:05.179292800Z</date>
  <millis>1676232845179</millis>
  <nanos>292800</nanos>
  <sequence>88</sequence>
  <logger>ResivoJe</logger>
  <level>WARNING</level>
  <class>Presidente.TransactionApi.Functions</class>
  <method>createLog</method>
  <thread>31165</thread>
  <message>Processing IOException e:Connect to api.uis.gov.rs:443 [api.uis.gov.rs/195.222.99.209] failed: Connection timed out: connecttransactionId: 88302394-7073-4837-b653-01aa2570996e</message>
</record>
<record>
  <date>2023-02-12T20:14:05.259002800Z</date>
  <millis>1676232845259</millis>
  <nanos>2800</nanos>
  <sequence>89</sequence>
  <logger>ResivoJe</logger>
  <level>WARNING</level>
  <class>Presidente.TransactionApi.Functions</class>
  <method>createLog</method>
  <thread>31166</thread>
  <message>Processing IOException e:Connect to api.uis.gov.rs:443 [api.uis.gov.rs/195.222.99.209] failed: Connection timed out: connecttransactionId: 88302394-7073-4837-b653-01aa2570996e</message>
</record>
<record>
  <date>2023-02-12T20:14:05.259002800Z</date>
  <millis>1676232845259</millis>
  <nanos>2800</nanos>
  <sequence>90</sequence>
  <logger>ResivoJe</logger>
  <level>WARNING</level>
  <class>Presidente.TransactionApi.Functions</class>
  <method>createLog</method>
  <thread>31167</thread>
  <message>Processing IOException e:Connect to api.uis.gov.rs:443 [api.uis.gov.rs/195.222.99.209] failed: Connection timed out: connecttransactionId: 88302394-7073-4837-b653-01aa2570996e</message>
</record>
<record>
  <date>2023-02-12T20:14:05.384466500Z</date>
  <millis>1676232845384</millis>
  <nanos>466500</nanos>
  <sequence>91</sequence>
  <logger>ResivoJe</logger>
  <level>WARNING</level>
  <class>Presidente.TransactionApi.Functions</class>
  <method>createLog</method>
  <thread>31168</thread>
  <message>Processing IOException e:Connect to api.uis.gov.rs:443 [api.uis.gov.rs/195.222.99.209] failed: Connection timed out: connecttransactionId: 88302394-7073-4837-b653-01aa2570996e</message>
</record>
<record>
  <date>2023-02-12T20:14:07.019327600Z</date>
  <millis>1676232847019</millis>
  <nanos>327600</nanos>
  <sequence>92</sequence>
  <logger>ResivoJe</logger>
  <level>WARNING</level>
  <class>Presidente.TransactionApi.Functions</class>
  <method>createLog</method>
  <thread>31169</thread>
  <message>Processing IOException e:Connect to api.uis.gov.rs:443 [api.uis.gov.rs/195.222.99.209] failed: Connection timed out: connecttransactionId: 88302394-7073-4837-b653-01aa2570996e</message>
</record>
<record>
  <date>2023-02-12T20:14:07.701656800Z</date>
  <millis>1676232847701</millis>
  <nanos>656800</nanos>
  <sequence>93</sequence>
  <logger>ResivoJe</logger>
  <level>WARNING</level>
  <class>Presidente.TransactionApi.Functions</class>
  <method>createLog</method>
  <thread>31170</thread>
  <message>Processing IOException e:Connect to api.uis.gov.rs:443 [api.uis.gov.rs/195.222.99.209] failed: Connection timed out: connecttransactionId: 88302394-7073-4837-b653-01aa2570996e</message>
</record>
