<?xml version="1.0" encoding="UTF-8" standalone="no"?>
<!DOCTYPE log SYSTEM "logger.dtd">
<log>
<record>
  <date>2023-03-05T15:43:04.090501900Z</date>
  <millis>1678030984090</millis>
  <nanos>501900</nanos>
  <sequence>550</sequence>
  <logger>ResivoJe</logger>
  <level>WARNING</level>
  <class>Presidente.TransactionApi.Functions</class>
  <method>createLog</method>
  <thread>1817</thread>
  <message>Processing NumberFormatException e:nulltransactionId: e1e805e4-3559-4f78-8c71-ebb704e4593c</message>
</record>
<record>
  <date>2023-03-05T15:43:05.793238Z</date>
  <millis>1678030985793</millis>
  <nanos>238000</nanos>
  <sequence>551</sequence>
  <logger>ResivoJe</logger>
  <level>WARNING</level>
  <class>Presidente.TransactionApi.Functions</class>
  <method>createLog</method>
  <thread>1819</thread>
  <message>Processing NumberFormatException e:nulltransactionId: e1e805e4-3559-4f78-8c71-ebb704e4593c</message>
</record>
