<?xml version="1.0" encoding="UTF-8" standalone="no"?>
<!DOCTYPE log SYSTEM "logger.dtd">
<log>
<record>
  <date>2023-02-10T21:50:14.004125700Z</date>
  <millis>1676065814004</millis>
  <nanos>125700</nanos>
  <sequence>32</sequence>
  <logger>ResivoJe</logger>
  <level>WARNING</level>
  <class>Presidente.TransactionApi.Functions</class>
  <method>createLog</method>
  <thread>7953</thread>
  <message>Processing IOException e:Connect to api.uis.gov.rs:443 [api.uis.gov.rs/195.222.99.209] failed: Connection timed out: connecttransactionId: 31329cf8-69ea-430d-93ea-49c3e858d3e1</message>
</record>
<record>
  <date>2023-02-10T21:50:14.635499Z</date>
  <millis>1676065814635</millis>
  <nanos>499000</nanos>
  <sequence>33</sequence>
  <logger>ResivoJe</logger>
  <level>WARNING</level>
  <class>Presidente.TransactionApi.Functions</class>
  <method>createLog</method>
  <thread>7955</thread>
  <message>Processing IOException e:Connect to api.uis.gov.rs:443 [api.uis.gov.rs/195.222.99.209] failed: Connection timed out: connecttransactionId: 80b02c71-61fa-463d-882e-a7476c34a276</message>
</record>
<record>
  <date>2023-02-10T21:50:15.058180500Z</date>
  <millis>1676065815058</millis>
  <nanos>180500</nanos>
  <sequence>34</sequence>
  <logger>ResivoJe</logger>
  <level>WARNING</level>
  <class>Presidente.TransactionApi.Functions</class>
  <method>createLog</method>
  <thread>7956</thread>
  <message>Processing IOException e:Connect to api.uis.gov.rs:443 [api.uis.gov.rs/195.222.99.209] failed: Connection timed out: connecttransactionId: 80b02c71-61fa-463d-882e-a7476c34a276</message>
</record>
